Scope: all 76 workspace projects
Lockfile is up to date, resolution step is skipped
Progress: resolved 1, reused 0, downloaded 0, added 0
Packages: +1364
++++++++++++++++++++++++++++++++++++++++++++++++++++++++++++++++++++++++++++++++
Progress: resolved 1364, reused 547, downloaded 0, added 0
Progress: resolved 1364, reused 1364, downloaded 0, added 21
Progress: resolved 1364, reused 1364, downloaded 0, added 185
Progress: resolved 1364, reused 1364, downloaded 0, added 340
Progress: resolved 1364, reused 1364, downloaded 0, added 502
Progress: resolved 1364, reused 1364, downloaded 0, added 670

   ╭───────────────────────────────────────────────╮
   │                                               │
   │     Update available! 10.31.0 → 11.13.1.      │
   │     Changelog: https://pnpm.io/v/11.13.1      │
   │   To update, run: corepack use pnpm@11.13.1   │
   │                                               │
   ╰───────────────────────────────────────────────╯

Progress: resolved 1364, reused 1364, downloaded 0, added 786
Progress: resolved 1364, reused 1364, downloaded 0, added 870
Progress: resolved 1364, reused 1364, downloaded 0, added 903
Progress: resolved 1364, reused 1364, downloaded 0, added 936
Progress: resolved 1364, reused 1364, downloaded 0, added 998
Progress: resolved 1364, reused 1364, downloaded 0, added 1096
Progress: resolved 1364, reused 1364, downloaded 0, added 1167
Progress: resolved 1364, reused 1364, downloaded 0, added 1364, done

devDependencies:
+ @changesets/cli 2.31.0
+ @types/node 26.1.0
+ @typescript-eslint/parser 8.62.1
+ eslint 10.6.0
+ tsup 8.5.1
+ tsx 4.23.0
+ turbo 2.10.3
+ typescript 6.0.3

apps/docs postinstall$ fumadocs-mdx
apps/docs postinstall: [MDX] generated files in 25.849750000000085ms
apps/docs postinstall: Done
╭ Warning ─────────────────────────────────────────────────────────────────────╮
│                                                                              │
│   Ignored build scripts: sqlite3@5.1.7.                                      │
│   Run "pnpm approve-builds" to pick which dependencies should be allowed     │
│   to run scripts.                                                            │
│                                                                              │
╰──────────────────────────────────────────────────────────────────────────────╯
Done in 18.2s using pnpm v10.31.0
