  /** Maximum depth for recursive expand to prevent infinite loops */
  private static readonly MAX_EXPAND_DEPTH = 3;
  private static readonly MAX_CASCADE_DEPTH = 10;
  /** In-memory next-value cache per `object.field` for autonumber generation,
   *  lazily seeded from the current max in the store. */
  private readonly autonumberCounters = new Map<string, number>();

  /** Lazily-built index: child object name → roll-up summary descriptors on
   *  parent objects that aggregate it. Invalidated when packages register. */
  private summaryIndex: Map<string, SummaryDescriptor[]> | null = null;

  /** Invalidate the cached roll-up summary index (call when metadata changes). */
  private invalidateSummaryIndex(): void {
    this.summaryIndex = null;
  }

  /** Scan all registered objects for `summary` fields and index them by the
   *  child object they aggregate, resolving the child→parent FK field. */
  private buildSummaryIndex(): Map<string, SummaryDescriptor[]> {
    const index = new Map<string, SummaryDescriptor[]>();
    let objects: any[] = [];
    try { objects = (this._registry as any).getAllObjects?.() ?? []; } catch { objects = []; }
    for (const parent of objects) {
      const fields = parent?.fields;
      if (!fields || typeof fields !== 'object' || Array.isArray(fields)) continue;
      for (const [summaryField, def] of Object.entries(fields)) {
        const d: any = def;
        if (d?.type !== 'summary' || !d.summaryOperations) continue;
        const so = d.summaryOperations;
        const childObject = so.object;
        const fn = so.function;
        if (!childObject || !fn) continue;
        // Resolve the FK on the child pointing back to this parent.
        let fkField: string | undefined = so.relationshipField;
        if (!fkField) {
          const child = this._registry.getObject(childObject) as any;
          const cfields = child?.fields || {};
          for (const [cfName, cdef] of Object.entries(cfields)) {
            const cd: any = cdef;
            if ((cd?.type === 'master_detail' || cd?.type === 'lookup') && cd?.reference === parent.name) {
              fkField = cfName;
              break;
            }
          }
        }
        if (!fkField) continue; // can't resolve the relationship — skip
        const list = index.get(childObject) ?? [];
        list.push({ parentObject: parent.name, summaryField, fkField, fn, sourceField: so.field });
        index.set(childObject, list);
      }
    }
    return index;
  }

  private getSummaryDescriptors(childObject: string): SummaryDescriptor[] {
    if (!this.summaryIndex) this.summaryIndex = this.buildSummaryIndex();
    return this.summaryIndex.get(childObject) ?? [];
  }

  /**
   * Recompute roll-up `summary` fields on parent records after a child write.
   * For each affected parent (the FK value on the changed/old child record), it
   * aggregates the child collection and writes the result onto the parent's
   * summary field. Runs in the caller's execution context so it joins the same
   * transaction (e.g. the cross-object batch) when one is open.
   */
  private async recomputeSummaries(
    childObject: string,
    records: any,
    previous: any,
    execCtx?: ExecutionContext,
  ): Promise<void> {
    const descriptors = this.getSummaryDescriptors(childObject);
    if (descriptors.length === 0) return;
    const recs = Array.isArray(records) ? records : records ? [records] : [];
    const prevs = Array.isArray(previous) ? previous : previous ? [previous] : [];
    for (const desc of descriptors) {
      const ids = new Set<string>();
      for (const r of recs) { const v = r?.[desc.fkField]; if (v != null && v !== '') ids.add(String(v)); }
      for (const p of prevs) { const v = p?.[desc.fkField]; if (v != null && v !== '') ids.add(String(v)); }
      for (const parentId of ids) {
        try {
          const rows = await this.aggregate(childObject, {
            where: { [desc.fkField]: parentId },
            aggregations: [{
              function: desc.fn,
              ...(desc.fn === 'count' ? {} : { field: desc.sourceField }),
              alias: 'value',
            }],
            context: execCtx,
          } as any);
          let value = rows?.[0]?.value;
          if (value == null) value = (desc.fn === 'count' || desc.fn === 'sum') ? 0 : null;
          await this.update(desc.parentObject, { id: parentId, [desc.summaryField]: value }, { context: execCtx } as any);
        } catch (err) {
          this.logger.warn('Roll-up summary recompute failed', {
            childObject, parentObject: desc.parentObject, parentId, field: desc.summaryField,
            error: (err as any)?.message,
          });
        }
      }
    }
  }

  /**
   * Post-process expand: resolve lookup/master_detail fields by batch-loading related records.
   * 
   * This is a driver-agnostic implementation that uses secondary queries ($in batches)
   * to load related records, then injects them into the result set.
   * 
   * @param objectName - The source object name
      context: options?.context,
    };

    await this.executeWithMiddleware(opCtx, async () => {
      // Resolve field `defaultValue`s (including the `current_user` token)
      // BEFORE the beforeInsert hook runs, so a hook that DERIVES one field
      // from another can read the defaulted value instead of a stale `null`
      // (#2703). The hook still has final say — it runs after and may override
      // any defaulted field. `applyFieldDefaults` returns a fresh copy and only
      // fills fields left `undefined`, so client-supplied values are untouched.
      const nowSnap = new Date();
      const defaultedData = Array.isArray(opCtx.data)
        ? (opCtx.data as any[]).map((row) =>
            this.applyFieldDefaults(object, row as Record<string, unknown>, opCtx.context, nowSnap),
          )
        : this.applyFieldDefaults(object, opCtx.data as Record<string, unknown>, opCtx.context, nowSnap);

      const hookContext: HookContext = {
          object,
          event: 'beforeInsert',
          input: { data: defaultedData, options: opCtx.options },
          session: this.buildSession(opCtx.context),
          api: this.buildHookApi(opCtx.context),
          transaction: opCtx.context?.transaction,
          ql: this
      };
      await this.triggerHooks('beforeInsert', hookContext);
      // Thread the open transaction (if any) into the driver-facing
      // options so that knex's `.transacting(trx)` is honoured. Without
      // this, calls inside a `engine.transaction(...)` block would deadlock
      // on SQLite's single-connection pool. Also propagates tenantId so
      // the driver can enforce per-tenant isolation.
      hookContext.input.options = this.buildDriverOptions(opCtx.context, hookContext.input.options as any);

      try {
        let result;
        const schemaForValidation = this._registry.getObject(object);
        // When the driver generates autonumbers natively (persistent SQL
        // sequence), the engine defers to it — see #1603.
        const driverOwnsAutonumber = (driver as any)?.supports?.autonumber === true;
        if (Array.isArray(hookContext.input.data)) {
          // Defaults are already resolved above (pre-hook, #2703); the hook may
          // have overridden or added fields — take its data as-is.
          const rows = hookContext.input.data as Array<Record<string, unknown>>;
          for (const r of rows) {
            await this.applyAutonumbers(object, r as Record<string, unknown>, opCtx.context, driverOwnsAutonumber);
          }
          for (const r of rows) {
            await this.encryptSecretFields(object, r, opCtx.context, hookContext.input.options);
          }
          for (const r of rows) {
            normalizeMultiValueFields(schemaForValidation, r);
            validateRecord(schemaForValidation, r, 'insert');
            evaluateValidationRules(schemaForValidation as any, r, 'insert', { logger: this.logger, currentUser: this.buildEvalUser(opCtx.context) });
          }
          if (driver.bulkCreate) {
               result = await driver.bulkCreate(object, rows, hookContext.input.options as any);
          } else {
               // Fallback loop
               result = await Promise.all(rows.map((item) => driver.create(object, item, hookContext.input.options as any)));
          }
        } else {
          // Defaults already resolved pre-hook (#2703); use the hook's data.
          const row = hookContext.input.data as Record<string, unknown>;
          await this.applyAutonumbers(object, row, opCtx.context, driverOwnsAutonumber);
          await this.encryptSecretFields(object, row, opCtx.context, hookContext.input.options);
          normalizeMultiValueFields(schemaForValidation, row);
          validateRecord(schemaForValidation, row, 'insert');
          evaluateValidationRules(schemaForValidation as any, row, 'insert', { logger: this.logger, currentUser: this.buildEvalUser(opCtx.context) });
          result = await driver.create(object, row, hookContext.input.options as any);
        }

        hookContext.event = 'afterInsert';
        // Coerce `boolean` fields (SQLite/libsql return 0/1) to real booleans on
        // the after-hook view so flow trigger conditions (`record.is_escalated
        // != true`) and `{record.<bool>}` interpolation see JS booleans, not
        // ints. A shallow copy — the value returned to the caller is untouched.
        hookContext.result = Array.isArray(result)
          ? result.map((r) => coerceBooleanFields(schemaForValidation as any, r as any))
          : coerceBooleanFields(schemaForValidation as any, result as any);
        await this.triggerHooks('afterInsert', hookContext);

        // Roll-up: recompute parent summary fields that aggregate this object.
        await this.recomputeSummaries(object, result, null, opCtx.context);

        // Publish data.record.created event to realtime service
        if (this.realtimeService) {
          try {
            if (Array.isArray(result)) {
              // Bulk insert - publish event for each record
              for (const record of result) {
                const event: RealtimeEventPayload = {
                  type: 'data.record.created',
                  object,
                  payload: {
                    recordId: record.id,
                    after: record,
                  },
                  timestamp: new Date().toISOString(),
                };
                await this.realtimeService.publish(event);
 * - Topological dependency ordering (parents before children)
 * - Multi-pass loading for circular references
 * - Dry-run validation mode
 * - Upsert support honoring SeedSchema mode
 * - Actionable error reporting
 */
export class SeedLoaderService implements ISeedLoaderService {
  private engine: IDataEngine;
  private metadata: IMetadataService;
  private logger: Logger;
  /**
   * Tenant org to stamp BUSINESS seed rows with when the caller pinned no
   * explicit `config.organizationId` (resolved per {@link resolveSoleOrganizationId}).
   * Set once per {@link load}; never applied to `sys_`/`cloud_`/`ai_` platform
   * seeds (those stay intentionally global/cross-tenant).
   */
  private fallbackOrgId?: string;

  constructor(engine: IDataEngine, metadata: IMetadataService, logger: Logger) {
    this.engine = engine;
    this.metadata = metadata;
    this.logger = logger;
  }

  // ==========================================================================
  // Public API
  // ==========================================================================

  async load(request: SeedLoaderRequest): Promise<SeedLoaderResult> {
    const startTime = Date.now();
    const config = request.config;
    const allErrors: ReferenceResolutionError[] = [];
    const allResults: SeedLoadResult[] = [];

    // When the caller pinned no target org (an in-process publish has no active
    // user session — the AI build agent's publish path), BUSINESS seed rows
    // would land `organization_id = NULL` and then vanish under strict
    // org-scoping. If the tenant has exactly ONE organization, adopt it as a
    // fallback so business seeds carry the tenant key like a normal write.
    // Zero/many orgs → leave unset (genuinely ambiguous → keep the historical
    // global/cross-tenant behavior; the publisher must scope explicitly).
    this.fallbackOrgId =
      config.organizationId == null ? await this.resolveSoleOrganizationId() : undefined;

    // 1. Filter datasets by environment
    const datasets = this.filterByEnv(request.seeds, config.env);

    if (datasets.length === 0) {
      return this.buildEmptyResult(config, Date.now() - startTime);
    }

    // 2. Build dependency graph
    const objectNames = datasets.map(d => d.object);
    const graph = await this.buildDependencyGraph(objectNames);

    this.logger.info('[SeedLoader] Dependency graph built', {
      objects: objectNames.length,
      insertOrder: graph.insertOrder,
      circularDeps: graph.circularDependencies.length,
    });

    // 3. Order datasets by topological insert order
    const orderedDatasets = this.orderDatasets(datasets, graph.insertOrder);

    // 4. Build reference lookup map from metadata (field → target object)
    const refMap = this.buildReferenceMap(graph);

    // 5. Pass 1: Insert/upsert records, resolving references
    const insertedRecords = new Map<string, Map<string, string>>(); // object → externalIdValue → internalId
    const deferredUpdates: DeferredUpdate[] = [];

    for (const dataset of orderedDatasets) {
      const result = await this.loadDataset(
        dataset, config, refMap, insertedRecords, deferredUpdates, allErrors
      );
      allResults.push(result);

      if (config.haltOnError && result.errored > 0) {
        this.logger.warn('[SeedLoader] Halting on first error', { object: dataset.object });
        break;
      }
    }

    // 6. Pass 2: Resolve deferred references (circular dependencies)
    if (config.multiPass && deferredUpdates.length > 0 && !config.dryRun) {
      this.logger.info('[SeedLoader] Pass 2: resolving deferred references', {
        count: deferredUpdates.length,
      });
      await this.resolveDeferredUpdates(deferredUpdates, insertedRecords, allResults, allErrors, config.organizationId);
    }

    // 7. Build final result
    const durationMs = Date.now() - startTime;
    return this.buildResult(config, graph, allResults, allErrors, durationMs);
  }

  async buildDependencyGraph(objectNames: string[]): Promise<ObjectDependencyGraph> {
    const nodes: ObjectDependencyNode[] = [];
    const objectSet = new Set(objectNames);

    for (const objectName of objectNames) {
      const objDef = await this.metadata.getObject(objectName) as any;
      const dependsOn: string[] = [];
      const references: ReferenceResolution[] = [];

      if (objDef && objDef.fields) {
        const fields = objDef.fields as Record<string, any>;
        for (const [fieldName, fieldDef] of Object.entries(fields)) {
          if (
            (fieldDef.type === 'lookup' || fieldDef.type === 'master_detail' || fieldDef.type === 'user') &&
            fieldDef.reference
          ) {
            const targetObject = fieldDef.reference as string;

            // Track dependency ordering only for objects within the graph
            if (objectSet.has(targetObject) && !dependsOn.includes(targetObject)) {
              dependsOn.push(targetObject);
            }

            // Track ALL references for resolution (target may exist in database)
            references.push({
              field: fieldName,
              targetObject,
              targetField: DEFAULT_EXTERNAL_ID_FIELD,
              fieldType: fieldDef.type as 'lookup' | 'master_detail' | 'user',
            });
          }
        }
      }

      nodes.push({ object: objectName, dependsOn, references });
    }

    // Topological sort
    const { insertOrder, circularDependencies } = this.topologicalSort(nodes);

    return { nodes, insertOrder, circularDependencies };
  }

  async validate(datasets: Seed[], config?: SeedLoaderConfigInput): Promise<SeedLoaderResult> {
    const parsedConfig = SeedLoaderConfigSchema.parse({ ...config, dryRun: true });
    return this.load({ seeds: datasets, config: parsedConfig });
  }

  // ==========================================================================
  // Internal: Seed Loading
  // ==========================================================================

  private async loadDataset(
    dataset: Seed,
    config: SeedLoaderConfig,
    refMap: Map<string, ReferenceResolution[]>,
    insertedRecords: Map<string, Map<string, string>>,
    deferredUpdates: DeferredUpdate[],
    allErrors: ReferenceResolutionError[],
  ): Promise<SeedLoadResult> {
    const objectName = dataset.object;
    const mode = dataset.mode || config.defaultMode;
    const externalId = dataset.externalId || 'name';

    let inserted = 0;
    let updated = 0;
    let skipped = 0;
    let errored = 0;
    let referencesResolved = 0;
    let referencesDeferred = 0;
    const errors: ReferenceResolutionError[] = [];

    // Ensure the object's record map exists
    if (!insertedRecords.has(objectName)) {
      insertedRecords.set(objectName, new Map());
    }

    // Pre-load existing records for upsert matching. When a target
    // organization is set, scope the lookup so each tenant gets its
    // own copy (otherwise upsert would clobber other tenants' rows
    // that share the same natural key — e.g. `name: 'Acme Corp'`).
    let existingRecords: Map<string, any> | undefined;
    if ((mode === 'upsert' || mode === 'update' || mode === 'ignore') && !config.dryRun) {
      existingRecords = await this.loadExistingRecords(
        objectName,
        externalId,
        config.organizationId,
      );
    }

    // Get reference resolutions for this object
    const objectRefs = refMap.get(objectName) || [];

    // Self-referencing objects (e.g. `employee.manager_id -> employee`) can
    // have record i reference record j<i from the SAME dataset by natural
    // key; that only resolves via `insertedRecords` once record j has
    // actually been written (see the reference-resolution loop below). Batch
    // writes defer the write past the point the record was resolved, which
    // would break that same-batch ordering — so self-referencing datasets
    // keep the historical strictly-sequential per-record write path
    // (`writeRecord`, unchanged) and opt out of batching entirely. Every
    // other dataset (the overwhelming majority — contact/lead/opportunity/…
    // reference OTHER objects, already fully loaded via topological order)
    // gets the batched path below. See framework#2678.
    const hasSelfRef = objectRefs.some(ref => ref.targetObject === objectName);

    // Records resolved as inserts (mode 'insert'/'replace', or an unmatched
    // upsert/ignore) are buffered here and flushed in batches through the
    // engine's array-form insert() — one round-trip per batch instead of one
    // per record, with transient-error retry and per-row degradation on a
    // logical/validation failure. See framework#2678.
    const pendingInserts: Array<{ recordIndex: number; externalIdValue: string; record: Record<string, unknown> }> = [];
    const opts = SeedLoaderService.SEED_OPTIONS as any;
    const flushPendingInserts = async (): Promise<void> => {
      if (pendingInserts.length === 0) return;
      const batch = pendingInserts.splice(0, pendingInserts.length);
      const writeResults: BulkWriteRowResult[] = await bulkWrite(
        batch.map(b => b.record),
        {
          batchSize: SeedLoaderService.BULK_BATCH_SIZE,
          // A lone row keeps the historical bare-record insert() call shape
          // (no array wrapping) so single-record datasets are byte-for-byte
          // unchanged; only a real batch (>1) uses the array/bulk form.
          writeBatch: (rows) => rows.length === 1
            ? this.engine.insert(objectName, rows[0], opts).then((r: any) => [r])
            : this.engine.insert(objectName, rows, opts),
          writeOne: (row) => this.engine.insert(objectName, row, opts),
        },
      );
      for (const res of writeResults) {
        const { recordIndex, externalIdValue, record } = batch[res.index];
        if (res.ok) {
          inserted++;
          const internalId = this.extractId(res.record);
          if (externalIdValue && internalId) {
            insertedRecords.get(objectName)!.set(externalIdValue, internalId);
          }
        } else {
          errored++;
          const error = this.buildWriteError(objectName, record, externalId, recordIndex, res.error);
          errors.push(error);
          allErrors.push(error);
          this.logger.warn(`[SeedLoader] ${error.message}`, { recordIndex });
        }
      }
    };

    // Pin a single `now()` snapshot for the entire dataset so multi-pass
    // loads see one logical clock — the M9 determinism guarantee for seeds.
    const seedNow = new Date();

    // Identity/context bound to seed CEL expressions. `os.user` / `os.org`
    // resolve from here, so `owner_id: cel\`os.user.id\`` works.
    //
    // When no real user identity is supplied (the normal case — seeds run

function toFailedResult(rowNo: number, err: unknown): ImportRowResult {
  const code = (err as any)?.code ?? 'IMPORT_ROW_FAILED';
  const message = typeof (err as any)?.message === 'string' ? (err as any).message.slice(0, 300) : 'Row failed';
  return { row: rowNo, ok: false, action: 'failed', error: message, code };
}

/** Upper bound on rows in one createManyData batch (framework#2678 suggests 100-500). */
const MAX_CREATE_BATCH_SIZE = 200;

export function runImport(opts: RunImportOptions): Promise<ImportRunSummary> {
  const {
    p, objectName, environmentId, context, rows, metaMap,
    writeMode, matchFields, dryRun, runAutomations,
    trimWhitespace, nullValues, createMissingOptions, skipBlankMatchKey,
    onProgress, shouldCancel, captureUndo,
  } = opts;
  const collectUndo = !!captureUndo && !dryRun;
  const undoLog: ImportUndoLog = { created: [], updated: [] };
  // Snapshot only the fields the import touched, so undo restores exactly what
  // changed. A field absent before the import is recorded as null → undo clears
  // it. Never captured on dry runs (nothing was written).
  const captureBefore = (before: Record<string, any>, written: Record<string, any>): Record<string, any> => {
    const snap: Record<string, any> = {};
    for (const k of Object.keys(written)) snap[k] = before[k] ?? null;
    return snap;
  };
  const progressEvery = Math.max(1, opts.progressEvery ?? 200);

  const findRows = (r: any): any[] =>
    Array.isArray(r?.records) ? r.records
      : Array.isArray(r?.data) ? r.data
        : Array.isArray(r?.rows) ? r.rows
          : Array.isArray(r) ? r : [];
  const findArgsBase = (query: any) => ({
    object: '',
    query,
    ...(environmentId ? { environmentId } : {}),
    ...(context ? { context } : {}),
  });

  // Reference resolver: name/email/id → referenced record id. Cached per
  // (object, display) so a name repeated across rows costs one query.
  const refCache = new Map<string, RefMatch>();
  const resolveRef: RefResolver = async (referenceObject, display, meta) => {
    const cacheKey = `${referenceObject}::${display}`;
    const cached = refCache.get(cacheKey);
    if (cached) return cached;
    // Try an exact id first (authoritative + unique when the user pasted an id),
    // then the configured display field, then the usual human identifiers.
    // De-dupe so a field isn't queried twice. The first candidate field to match
    // wins; if that field matches >1 record we stop and report ambiguity rather
    // than silently linking the first.
    const candidates = [...new Set([
      'id',
      ...(meta.displayField ? [meta.displayField] : []),
      'name', 'title', 'label', 'full_name', 'email', 'username',
    ])];
    let match: RefMatch = {};
    for (const f of candidates) {
      try {
        const r = await p.findData({
          ...findArgsBase({ $filter: { [f]: display }, $top: 2 }),
          object: referenceObject,
        });
        const recs = findRows(r);
        if (recs.length === 0) continue;
        if (recs.length > 1) { match = { ambiguous: true, matchedField: f }; break; }
        if (recs[0]?.id != null) { match = { id: String(recs[0].id), matchedField: f }; break; }
      } catch { /* field absent on target object — try the next candidate */ }
    }
    refCache.set(cacheKey, match);
    return match;
  };

  // Locate an existing record for update/upsert by matchFields. Returns the
  // record, or a sentinel: 'blank' (a match field was empty), 'none' (no
  // match), 'ambiguous' (>1 match — too risky to update).
  const findExisting = async (
    data: Record<string, any>,
  ): Promise<Record<string, any> | 'blank' | 'none' | 'ambiguous'> => {
    const filter: Record<string, any> = {};
    for (const f of matchFields) {
      const v = data[f];
      if (v === undefined || v === null || v === '') return 'blank';
      filter[f] = v;
    }
    const r = await p.findData({ ...findArgsBase({ $filter: filter, $top: 2 }), object: objectName });
    const recs = findRows(r);
    if (recs.length === 0) return 'none';
    if (recs.length > 1) return 'ambiguous';
    return recs[0];
  };

  const writeCtx = { ...(context ?? {}), skipAutomations: !runAutomations };

  // Sparse-indexed by row position `i` (not push-only): CREATE rows are
  // resolved immediately but their write is deferred to a later batch flush,
  // so their result would otherwise land out of order relative to
  // immediately-written update/skip rows interleaved between them.
  const results: ImportRowResult[] = new Array(rows.length);
  let okCount = 0, errCount = 0, created = 0, updated = 0, skipped = 0;
  let cancelled = false;

  const snapshot = (processed: number): ImportProgress => ({
    processed, total: rows.length, created, updated, skipped, errors: errCount,
  });

  // CREATE rows are buffered here and flushed through `p.createManyData`
  // (one round-trip per batch) when the protocol supports it. A protocol
  // without `createManyData` never buffers — `canBulkCreate` is false and
  // creates fall back to the original inline per-row `createData` call.
  const canBulkCreate = typeof p.createManyData === 'function';
  const pendingCreates: Array<{ index: number; rowNo: number; data: Record<string, any> }> = [];
  const flushPendingCreates = async (): Promise<void> => {
    if (pendingCreates.length === 0) return;
    const batch = pendingCreates.splice(0, pendingCreates.length);
    const writeResults: BulkWriteRowResult[] = await bulkWrite(
      batch.map(b => b.data),
      {
        // Flush cadence follows progressEvery, but the write batch itself is
        // capped independently — a caller-supplied progressEvery far above
        // the issue's suggested 100-500 rows/batch must not translate into
        // one oversized multi-row INSERT statement.
        batchSize: Math.min(progressEvery, MAX_CREATE_BATCH_SIZE),
        writeBatch: (chunk) => p.createManyData!({
          object: objectName, records: chunk, context: writeCtx,
          ...(environmentId ? { environmentId } : {}),
        }).then(r => r.records),
        writeOne: (row) => p.createData({
          object: objectName, data: row, context: writeCtx,
          ...(environmentId ? { environmentId } : {}),
        }),
      },
    );
    for (const res of writeResults) {
      const { index, rowNo } = batch[res.index];
      if (res.ok) {
        const id = extractRecordId(res.record);
        okCount++; created++;
        if (collectUndo && id != null) undoLog.created.push(id);
        results[index] = { row: rowNo, ok: true, action: 'created', id };
      } else {
        errCount++;
        results[index] = toFailedResult(rowNo, res.error);
      }
    }
  };

  return (async () => {
    for (let i = 0; i < rows.length; i++) {
      const rowNo = i + 1;
      try {
        // 1. Coerce every cell to its storage value (+ resolve lookups).
        const { data, errors } = await coerceRow(rows[i], metaMap, {
          trimWhitespace, nullValues, createMissingOptions, resolveRef,
        });
        if (errors.length > 0) {
          const first = errors[0];
          errCount++;
          results[i] = { row: rowNo, ok: false, action: 'failed', field: first.field, code: first.code, error: first.message };
        } else {
          // 2. Decide create vs update vs skip.
          let existing: Record<string, any> | 'blank' | 'none' | 'ambiguous' = 'none';
          let handled = false;
          if (writeMode !== 'insert') {
            existing = await findExisting(data);
            if (existing === 'ambiguous') {
              errCount++;
              results[i] = { row: rowNo, ok: false, action: 'failed', code: 'AMBIGUOUS_MATCH', error: `matchFields matched more than one ${objectName} record` };
              handled = true;
            } else if (existing === 'blank' && (skipBlankMatchKey || writeMode === 'update')) {
              // Blank match key: skip when asked, else fall through to create.
              skipped++;
              results[i] = { row: rowNo, ok: true, action: 'skipped', code: 'BLANK_MATCH_KEY' };
              handled = true;
            }
          }

          if (!handled) {
            const willUpdate = existing && typeof existing === 'object';
            const willCreate = !willUpdate && (writeMode === 'insert' || writeMode === 'upsert');

            if (!willUpdate && !willCreate) {
              // update mode, no match → skip.
              skipped++;
              results[i] = { row: rowNo, ok: true, action: 'skipped', code: 'NO_MATCH' };
            } else if (dryRun) {
              okCount++;
              if (willUpdate) { updated++; results[i] = { row: rowNo, ok: true, action: 'updated', id: String((existing as any).id ?? '') || undefined }; }
              else { created++; results[i] = { row: rowNo, ok: true, action: 'created' }; }
            } else if (willUpdate) {
              const target = existing as Record<string, any>;
              const res2 = await withTransientRetry(() => p.updateData({ object: objectName, id: target.id, data, context: writeCtx, ...(environmentId ? { environmentId } : {}) }));
              const id = extractRecordId(res2) ?? String(target.id);
              okCount++; updated++;
              if (collectUndo && target.id != null) {
                undoLog.updated.push({ id: String(target.id), before: captureBefore(target, data) });
              }
              results[i] = { row: rowNo, ok: true, action: 'updated', id };
            } else if (canBulkCreate) {
