[
  {
    "range": "README!A1:D14",
    "ndjson": "{\"kind\":\"table\",\"sheet\":\"README\",\"address\":\"A1:D14\",\"rows\":14,\"cols\":4,\"values\":[[\"Issue #2678 Reconstructed Data Source\",\"Issue #2678 Reconstructed Data Source\",\"Issue #2678 Reconstructed Data Source\",\"Issue #2678 Reconstructed Data Source\"],[null,null,null,null],[\"Purpose\",\"Human-readable view of the exact CSV rows used for revalidation\",null,null],[\"Provenance\",\"Data source reconstructed from the final report and revalidated; the original temporary fixture no longer exists.\",null,null],[\"Framework SHA\",\"98874656ffc50ce1531af52346228ffcdda73fba\",null,null],[\"Rows per main dataset\",1000,null,null],[\"Batch size\",200,null,null],[\"Amount domain\",\"1 through 1,000\",null,null],[\"Total amount\",500500,null,null],[\"Generated by\",\"source/generate-fixtures.mjs\",null,null],[null,null,null,null],[\"The original temporary fixture was deleted. This workbook and its CSV companions were reconstructed deterministically from the final report and then revalidated against real SQLite.\",null,null,null],[null,null,null,null],[null,null,null,null]]}"
  },
  {
    "range": "Seed Data!A1:D8",
    "ndjson": "{\"kind\":\"table\",\"sheet\":\"Seed Data\",\"address\":\"A1:D8\",\"rows\":8,\"cols\":4,\"values\":[[\"qa_seed_item — 1,000 rows\",\"qa_seed_item — 1,000 rows\",\"qa_seed_item — 1,000 rows\",\"qa_seed_item — 1,000 rows\"],[\"Exact Seed input CSV\",null,null,null],[\"external_key\",\"name\",\"amount\",\"active\"],[\"SEED-0001\",\"Seed Item 0001\",1,true],[\"SEED-0002\",\"Seed Item 0002\",2,false],[\"SEED-0003\",\"Seed Item 0003\",3,true],[\"SEED-0004\",\"Seed Item 0004\",4,false],[\"SEED-0005\",\"Seed Item 0005\",5,true]]}"
  },
  {
    "range": "Seed Data!A999:D1003",
    "ndjson": "{\"kind\":\"table\",\"sheet\":\"Seed Data\",\"address\":\"A999:D1003\",\"rows\":5,\"cols\":4,\"values\":[[\"SEED-0996\",\"Seed Item 0996\",996,false],[\"SEED-0997\",\"Seed Item 0997\",997,true],[\"SEED-0998\",\"Seed Item 0998\",998,false],[\"SEED-0999\",\"Seed Item 0999\",999,true],[\"SEED-1000\",\"Seed Item 1000\",1000,false]]}"
  },
  {
    "range": "Import Data!A1:D8",
    "ndjson": "{\"kind\":\"table\",\"sheet\":\"Import Data\",\"address\":\"A1:D8\",\"rows\":8,\"cols\":4,\"values\":[[\"qa_import_item — 1,000 rows\",\"qa_import_item — 1,000 rows\",\"qa_import_item — 1,000 rows\",\"qa_import_item — 1,000 rows\"],[\"Exact Import input CSV\",null,null,null],[\"external_key\",\"name\",\"amount\",\"active\"],[\"IMPORT-0001\",\"Import Item 0001\",1,false],[\"IMPORT-0002\",\"Import Item 0002\",2,true],[\"IMPORT-0003\",\"Import Item 0003\",3,false],[\"IMPORT-0004\",\"Import Item 0004\",4,true],[\"IMPORT-0005\",\"Import Item 0005\",5,false]]}"
  },
  {
    "range": "Import Data!A999:D1003",
    "ndjson": "{\"kind\":\"table\",\"sheet\":\"Import Data\",\"address\":\"A999:D1003\",\"rows\":5,\"cols\":4,\"values\":[[\"IMPORT-0996\",\"Import Item 0996\",996,true],[\"IMPORT-0997\",\"Import Item 0997\",997,false],[\"IMPORT-0998\",\"Import Item 0998\",998,true],[\"IMPORT-0999\",\"Import Item 0999\",999,false],[\"IMPORT-1000\",\"Import Item 1000\",1000,true]]}"
  },
  {
    "range": "Summary Parents!A1:D14",
    "ndjson": "{\"kind\":\"table\",\"sheet\":\"Summary Parents\",\"address\":\"A1:D14\",\"rows\":14,\"cols\":4,\"values\":[[\"qa_summary_parent — deterministic parent setup\",\"qa_summary_parent — deterministic parent setup\",\"qa_summary_parent — deterministic parent setup\",\"qa_summary_parent — deterministic parent setup\"],[\"The harness inserts id/name; expected columns are independent audit targets\",null,null,null],[\"id\",\"name\",\"expected_child_count\",\"expected_total_amount\"],[\"parent_single\",\"parent_single\",1000,500500],[\"parent_01\",\"parent_01\",100,49600],[\"parent_02\",\"parent_02\",100,49700],[\"parent_03\",\"parent_03\",100,49800],[\"parent_04\",\"parent_04\",100,49900],[\"parent_05\",\"parent_05\",100,50000],[\"parent_06\",\"parent_06\",100,50100],[\"parent_07\",\"parent_07\",100,50200],[\"parent_08\",\"parent_08\",100,50300],[\"parent_09\",\"parent_09\",100,50400],[\"parent_10\",\"parent_10\",100,50500]]}"
  },
  {
    "range": "Single Parent!A1:D8",
    "ndjson": "{\"kind\":\"table\",\"sheet\":\"Single Parent\",\"address\":\"A1:D8\",\"rows\":8,\"cols\":4,\"values\":[[\"qa_summary_child — single-parent scenario\",\"qa_summary_child — single-parent scenario\",\"qa_summary_child — single-parent scenario\",\"qa_summary_child — single-parent scenario\"],[\"1,000 children point to parent_single; exact Seed input CSV\",null,null,null],[\"external_key\",\"name\",\"parent_id\",\"amount\"],[\"SINGLE-0001\",\"Single Parent Child 0001\",\"parent_single\",1],[\"SINGLE-0002\",\"Single Parent Child 0002\",\"parent_single\",2],[\"SINGLE-0003\",\"Single Parent Child 0003\",\"parent_single\",3],[\"SINGLE-0004\",\"Single Parent Child 0004\",\"parent_single\",4],[\"SINGLE-0005\",\"Single Parent Child 0005\",\"parent_single\",5]]}"
  },
  {
    "range": "Single Parent!A999:D1003",
    "ndjson": "{\"kind\":\"table\",\"sheet\":\"Single Parent\",\"address\":\"A999:D1003\",\"rows\":5,\"cols\":4,\"values\":[[\"SINGLE-0996\",\"Single Parent Child 0996\",\"parent_single\",996],[\"SINGLE-0997\",\"Single Parent Child 0997\",\"parent_single\",997],[\"SINGLE-0998\",\"Single Parent Child 0998\",\"parent_single\",998],[\"SINGLE-0999\",\"Single Parent Child 0999\",\"parent_single\",999],[\"SINGLE-1000\",\"Single Parent Child 1000\",\"parent_single\",1000]]}"
  },
  {
    "range": "Ten Parents!A1:D8",
    "ndjson": "{\"kind\":\"table\",\"sheet\":\"Ten Parents\",\"address\":\"A1:D8\",\"rows\":8,\"cols\":4,\"values\":[[\"qa_summary_child — ten-parent scenario\",\"qa_summary_child — ten-parent scenario\",\"qa_summary_child — ten-parent scenario\",\"qa_summary_child — ten-parent scenario\"],[\"Rows are assigned round-robin; each parent receives 100 children\",null,null,null],[\"external_key\",\"name\",\"parent_id\",\"amount\"],[\"TEN-0001\",\"Ten Parent Child 0001\",\"parent_01\",1],[\"TEN-0002\",\"Ten Parent Child 0002\",\"parent_02\",2],[\"TEN-0003\",\"Ten Parent Child 0003\",\"parent_03\",3],[\"TEN-0004\",\"Ten Parent Child 0004\",\"parent_04\",4],[\"TEN-0005\",\"Ten Parent Child 0005\",\"parent_05\",5]]}"
  },
  {
    "range": "Ten Parents!A999:D1003",
    "ndjson": "{\"kind\":\"table\",\"sheet\":\"Ten Parents\",\"address\":\"A999:D1003\",\"rows\":5,\"cols\":4,\"values\":[[\"TEN-0996\",\"Ten Parent Child 0996\",\"parent_06\",996],[\"TEN-0997\",\"Ten Parent Child 0997\",\"parent_07\",997],[\"TEN-0998\",\"Ten Parent Child 0998\",\"parent_08\",998],[\"TEN-0999\",\"Ten Parent Child 0999\",\"parent_09\",999],[\"TEN-1000\",\"Ten Parent Child 1000\",\"parent_10\",1000]]}"
  },
  {
    "range": "Expected Results!A1:G26",
    "ndjson": "{\"kind\":\"table\",\"sheet\":\"Expected Results\",\"address\":\"A1:G26\",\"rows\":26,\"cols\":7,\"values\":[[\"Expected Results and Formula Checks\",\"Expected Results and Formula Checks\",\"Expected Results and Formula Checks\",\"Expected Results and Formula Checks\",\"Expected Results and Formula Checks\",\"Expected Results and Formula Checks\",\"Expected Results and Formula Checks\"],[null,null,null,null,null,null,null],[\"Metric\",\"Expected\",\"Calculated\",\"Status\",\"Source\",null,null],[\"Seed row count\",1000,1000,\"PASS\",\"Seed Data\",null,null],[\"Seed amount sum\",500500,500500,\"PASS\",\"Seed Data\",null,null],[\"Seed active=true\",500,0,\"FAIL\",\"Seed Data\",null,null],[\"Import row count\",1000,1000,\"PASS\",\"Import Data\",null,null],[\"Import amount sum\",500500,500500,\"PASS\",\"Import Data\",null,null],[\"Import active=true\",500,0,\"FAIL\",\"Import Data\",null,null],[\"Single-parent row count\",1000,1000,\"PASS\",\"Single Parent\",null,null],[\"Single-parent amount sum\",500500,500500,\"PASS\",\"Single Parent\",null,null],[\"Ten-parent row count\",1000,1000,\"PASS\",\"Ten Parents\",null,null],[\"Ten-parent amount sum\",500500,500500,\"PASS\",\"Ten Parents\",null,null],[null,null,null,null,null,null,null],[null,null,null,null,null,null,null],[\"Parent\",\"Expected rows\",\"Expected amount\",\"Calculated rows\",\"Calculated amount\",\"Rows status\",\"Amount status\"],[\"parent_01\",100,49600,100,49600,\"PASS\",\"PASS\"],[\"parent_02\",100,49700,100,49700,\"PASS\",\"PASS\"],[\"parent_03\",100,49800,100,49800,\"PASS\",\"PASS\"],[\"parent_04\",100,49900,100,49900,\"PASS\",\"PASS\"],[\"parent_05\",100,50000,100,50000,\"PASS\",\"PASS\"],[\"parent_06\",100,50100,100,50100,\"PASS\",\"PASS\"],[\"parent_07\",100,50200,100,50200,\"PASS\",\"PASS\"],[\"parent_08\",100,50300,100,50300,\"PASS\",\"PASS\"],[\"parent_09\",100,50400,100,50400,\"PASS\",\"PASS\"],[\"parent_10\",100,50500,100,50500,\"PASS\",\"PASS\"]]}"
  }
]
seed_csv_true=500
import_csv_true=500
data/workbook-inspection.json:44:    "ndjson": "{\"kind\":\"table\",\"sheet\":\"Expected Results\",\"address\":\"A1:G26\",\"rows\":26,\"cols\":7,\"values\":[[\"Expected Results and Formula Checks\",\"Expected Results and Formula Checks\",\"Expected Results and Formula Checks\",\"Expected Results and Formula Checks\",\"Expected Results and Formula Checks\",\"Expected Results and Formula Checks\",\"Expected Results and Formula Checks\"],[null,null,null,null,null,null,null],[\"Metric\",\"Expected\",\"Calculated\",\"Status\",\"Source\",null,null],[\"Seed row count\",1000,1000,\"PASS\",\"Seed Data\",null,null],[\"Seed amount sum\",500500,500500,\"PASS\",\"Seed Data\",null,null],[\"Seed active=true\",500,0,\"FAIL\",\"Seed Data\",null,null],[\"Import row count\",1000,1000,\"PASS\",\"Import Data\",null,null],[\"Import amount sum\",500500,500500,\"PASS\",\"Import Data\",null,null],[\"Import active=true\",500,0,\"FAIL\",\"Import Data\",null,null],[\"Single-parent row count\",1000,1000,\"PASS\",\"Single Parent\",null,null],[\"Single-parent amount sum\",500500,500500,\"PASS\",\"Single Parent\",null,null],[\"Ten-parent row count\",1000,1000,\"PASS\",\"Ten Parents\",null,null],[\"Ten-parent amount sum\",500500,500500,\"PASS\",\"Ten Parents\",null,null],[null,null,null,null,null,null,null],[null,null,null,null,null,null,null],[\"Parent\",\"Expected rows\",\"Expected amount\",\"Calculated rows\",\"Calculated amount\",\"Rows status\",\"Amount status\"],[\"parent_01\",100,49600,100,49600,\"PASS\",\"PASS\"],[\"parent_02\",100,49700,100,49700,\"PASS\",\"PASS\"],[\"parent_03\",100,49800,100,49800,\"PASS\",\"PASS\"],[\"parent_04\",100,49900,100,49900,\"PASS\",\"PASS\"],[\"parent_05\",100,50000,100,50000,\"PASS\",\"PASS\"],[\"parent_06\",100,50100,100,50100,\"PASS\",\"PASS\"],[\"parent_07\",100,50200,100,50200,\"PASS\",\"PASS\"],[\"parent_08\",100,50300,100,50300,\"PASS\",\"PASS\"],[\"parent_09\",100,50400,100,50400,\"PASS\",\"PASS\"],[\"parent_10\",100,50500,100,50500,\"PASS\",\"PASS\"]]}"
source/generate-fixtures.mjs:258:  ["Seed row count", 1000], ["Seed amount sum", 500500], ["Seed active=true", 500],
source/generate-fixtures.mjs:259:  ["Import row count", 1000], ["Import amount sum", 500500], ["Import active=true", 500],
source/generate-fixtures.mjs:263:resultsSheet.getRange("C4:C13").formulas = [
source/generate-fixtures.mjs:264:  ["=COUNTA('Seed Data'!A4:A1003)"], ["=SUM('Seed Data'!C4:C1003)"], ["=COUNTIF('Seed Data'!D4:D1003,TRUE)"],
source/generate-fixtures.mjs:265:  ["=COUNTA('Import Data'!A4:A1003)"], ["=SUM('Import Data'!C4:C1003)"], ["=COUNTIF('Import Data'!D4:D1003,TRUE)"],
source/generate-fixtures.mjs:269:resultsSheet.getRange("D4").formulas = [["=IF(B4=C4,\"PASS\",\"FAIL\")"]];
source/generate-fixtures.mjs:283:resultsSheet.getRange("D17:D26").formulas = tenParents.map((_, index) => [
source/generate-fixtures.mjs:284:  `=COUNTIF('Ten Parents'!$C$4:$C$1003,A${17 + index})`,
source/generate-fixtures.mjs:286:resultsSheet.getRange("E17:E26").formulas = tenParents.map((_, index) => [
source/generate-fixtures.mjs:289:resultsSheet.getRange("F17:F26").formulas = tenParents.map((_, index) => [
source/generate-fixtures.mjs:292:resultsSheet.getRange("G17:G26").formulas = tenParents.map((_, index) => [
source/generate-fixtures.mjs:310:    kind: "table", range, include: "values,formulas",
source/generate-fixtures.mjs:315:const formulaErrors = await workbook.inspect({
source/generate-fixtures.mjs:319:  summary: "final formula error scan",
source/generate-fixtures.mjs:322:await fs.writeFile(path.join(outputDir, "workbook-formula-error-scan.ndjson"), formulaErrors.ndjson + "\n");
source/generate-fixtures.mjs:353:  formulaErrorScan: formulaErrors.ndjson,
data/issue-2678-reconstructed-data-source.xlsx.inspect.ndjson:16131:{"kind":"sheet","id":"ws/kp955a","name":"Expected Results","index":6,"range":"A1:G26","address":"A1:G26","tables":1,"formulas":60}
data/issue-2678-reconstructed-data-source.xlsx.inspect.ndjson:16132:{"kind":"table","sheet":"Expected Results","address":"A1:G26","rows":26,"cols":7,"values":[["Expected Results and Formula Checks","Expected Results and Formula Checks","Expected Results and Formula Checks","Expected Results and Formula Checks","Expected Results and Formula Checks","Expected Results and Formula Checks","Expected Results and Formula Checks"],[null,null,null,null,null,null,null],["Metric","Expected","Calculated","Status","Source",null,null],["Seed row count",1000,1000,"PASS","Seed Data",null,null],["Seed amount sum",500500,500500,"PASS","Seed Data",null,null],["Seed active=true",500,0,"FAIL","Seed Data",null,null],["Import row count",1000,1000,"PASS","Import Data",null,null],["Import amount sum",500500,500500,"PASS","Import Data",null,null],["Import active=true",500,0,"FAIL","Import Data",null,null],["Single-parent row count",1000,1000,"PASS","Single Parent",null,null],["Single-parent amount sum",500500,500500,"PASS","Single Parent",null,null],["Ten-parent row count",1000,1000,"PASS","Ten Parents",null,null],["Ten-parent amount sum",500500,500500,"PASS","Ten Parents",null,null],[null,null,null,null,null,null,null],[null,null,null,null,null,null,null],["Parent","Expected rows","Expected amount","Calculated rows","Calculated amount","Rows status","Amount status"],["parent_01",100,49600,100,49600,"PASS","PASS"],["parent_02",100,49700,100,49700,"PASS","PASS"],["parent_03",100,49800,100,49800,"PASS","PASS"],["parent_04",100,49900,100,49900,"PASS","PASS"],["parent_05",100,50000,100,50000,"PASS","PASS"],["parent_06",100,50100,100,50100,"PASS","PASS"],["parent_07",100,50200,100,50200,"PASS","PASS"],["parent_08",100,50300,100,50300,"PASS","PASS"],["parent_09",100,50400,100,50400,"PASS","PASS"],["parent_10",100,50500,100,50500,"PASS","PASS"]]}
data/issue-2678-reconstructed-data-source.xlsx.inspect.ndjson:16134:{"kind":"region","sheet":"Expected Results","address":"A3:G13","rows":11,"cols":7,"nonEmpty":55,"blank":22,"text":55,"maxTextLength":24,"preview":[["Metric","Expected","Calculated","Status","Source",null],["Seed row count","1000","1000","PASS","Seed Data",null],["Seed amount sum","500500","500500","PASS","Seed Data",null],["Seed active=true","500","0","FAIL","Seed Data",null],["Import row count","1000","1000","PASS","Import Data",null]],"previewAddress":"A3:F7","previewRows":5,"previewCols":6}
data/issue-2678-reconstructed-data-source.xlsx.inspect.ndjson:16136:{"kind":"formula","sheet":"Expected Results","address":"C4","formula":"=COUNTA('Seed Data'!A4:A1003)"}
data/issue-2678-reconstructed-data-source.xlsx.inspect.ndjson:16137:{"kind":"formula","sheet":"Expected Results","address":"D4","formula":"=IF(B4=C4,\"PASS\",\"FAIL\")"}
data/issue-2678-reconstructed-data-source.xlsx.inspect.ndjson:16138:{"kind":"formula","sheet":"Expected Results","address":"C5","formula":"=SUM('Seed Data'!C4:C1003)"}
data/issue-2678-reconstructed-data-source.xlsx.inspect.ndjson:16139:{"kind":"formula","sheet":"Expected Results","address":"D5","formula":"=IF(B5=C5,\"PASS\",\"FAIL\")"}
data/issue-2678-reconstructed-data-source.xlsx.inspect.ndjson:16140:{"kind":"formula","sheet":"Expected Results","address":"C6","formula":"=COUNTIF('Seed Data'!D4:D1003,TRUE)"}
data/issue-2678-reconstructed-data-source.xlsx.inspect.ndjson:16141:{"kind":"formula","sheet":"Expected Results","address":"D6","formula":"=IF(B6=C6,\"PASS\",\"FAIL\")"}
data/issue-2678-reconstructed-data-source.xlsx.inspect.ndjson:16142:{"kind":"formula","sheet":"Expected Results","address":"C7","formula":"=COUNTA('Import Data'!A4:A1003)"}
data/issue-2678-reconstructed-data-source.xlsx.inspect.ndjson:16143:{"kind":"formula","sheet":"Expected Results","address":"D7","formula":"=IF(B7=C7,\"PASS\",\"FAIL\")"}
data/issue-2678-reconstructed-data-source.xlsx.inspect.ndjson:16144:{"kind":"formula","sheet":"Expected Results","address":"C8","formula":"=SUM('Import Data'!C4:C1003)"}
data/issue-2678-reconstructed-data-source.xlsx.inspect.ndjson:16145:{"kind":"formula","sheet":"Expected Results","address":"D8","formula":"=IF(B8=C8,\"PASS\",\"FAIL\")"}
data/issue-2678-reconstructed-data-source.xlsx.inspect.ndjson:16146:{"kind":"formula","sheet":"Expected Results","address":"C9","formula":"=COUNTIF('Import Data'!D4:D1003,TRUE)"}
data/issue-2678-reconstructed-data-source.xlsx.inspect.ndjson:16147:{"kind":"formula","sheet":"Expected Results","address":"D9","formula":"=IF(B9=C9,\"PASS\",\"FAIL\")"}
data/issue-2678-reconstructed-data-source.xlsx.inspect.ndjson:16148:{"kind":"formula","sheet":"Expected Results","address":"C10","formula":"=COUNTA('Single Parent'!A4:A1003)"}
data/issue-2678-reconstructed-data-source.xlsx.inspect.ndjson:16149:{"kind":"formula","sheet":"Expected Results","address":"D10","formula":"=IF(B10=C10,\"PASS\",\"FAIL\")"}
data/issue-2678-reconstructed-data-source.xlsx.inspect.ndjson:16150:{"kind":"formula","sheet":"Expected Results","address":"C11","formula":"=SUM('Single Parent'!D4:D1003)"}
data/issue-2678-reconstructed-data-source.xlsx.inspect.ndjson:16151:{"kind":"formula","sheet":"Expected Results","address":"D11","formula":"=IF(B11=C11,\"PASS\",\"FAIL\")"}
data/issue-2678-reconstructed-data-source.xlsx.inspect.ndjson:16152:{"kind":"formula","sheet":"Expected Results","address":"C12","formula":"=COUNTA('Ten Parents'!A4:A1003)"}
data/issue-2678-reconstructed-data-source.xlsx.inspect.ndjson:16153:{"kind":"formula","sheet":"Expected Results","address":"D12","formula":"=IF(B12=C12,\"PASS\",\"FAIL\")"}
data/issue-2678-reconstructed-data-source.xlsx.inspect.ndjson:16154:{"kind":"formula","sheet":"Expected Results","address":"C13","formula":"=SUM('Ten Parents'!D4:D1003)"}
data/issue-2678-reconstructed-data-source.xlsx.inspect.ndjson:16155:{"kind":"formula","sheet":"Expected Results","address":"D13","formula":"=IF(B13=C13,\"PASS\",\"FAIL\")"}
data/issue-2678-reconstructed-data-source.xlsx.inspect.ndjson:16156:{"kind":"formula","sheet":"Expected Results","address":"D17","formula":"=COUNTIF('Ten Parents'!$C$4:$C$1003,A17)"}
data/issue-2678-reconstructed-data-source.xlsx.inspect.ndjson:16157:{"kind":"formula","sheet":"Expected Results","address":"E17","formula":"=SUMIF('Ten Parents'!$C$4:$C$1003,A17,'Ten Parents'!$D$4:$D$1003)"}
data/issue-2678-reconstructed-data-source.xlsx.inspect.ndjson:16158:{"kind":"formula","sheet":"Expected Results","address":"F17","formula":"=IF(B17=D17,\"PASS\",\"FAIL\")"}
data/issue-2678-reconstructed-data-source.xlsx.inspect.ndjson:16159:{"kind":"formula","sheet":"Expected Results","address":"G17","formula":"=IF(C17=E17,\"PASS\",\"FAIL\")"}
data/issue-2678-reconstructed-data-source.xlsx.inspect.ndjson:16160:{"kind":"formula","sheet":"Expected Results","address":"D18","formula":"=COUNTIF('Ten Parents'!$C$4:$C$1003,A18)"}
data/issue-2678-reconstructed-data-source.xlsx.inspect.ndjson:16161:{"kind":"formula","sheet":"Expected Results","address":"E18","formula":"=SUMIF('Ten Parents'!$C$4:$C$1003,A18,'Ten Parents'!$D$4:$D$1003)"}
data/issue-2678-reconstructed-data-source.xlsx.inspect.ndjson:16162:{"kind":"formula","sheet":"Expected Results","address":"F18","formula":"=IF(B18=D18,\"PASS\",\"FAIL\")"}
data/issue-2678-reconstructed-data-source.xlsx.inspect.ndjson:16163:{"kind":"formula","sheet":"Expected Results","address":"G18","formula":"=IF(C18=E18,\"PASS\",\"FAIL\")"}
data/issue-2678-reconstructed-data-source.xlsx.inspect.ndjson:16164:{"kind":"formula","sheet":"Expected Results","address":"D19","formula":"=COUNTIF('Ten Parents'!$C$4:$C$1003,A19)"}
data/issue-2678-reconstructed-data-source.xlsx.inspect.ndjson:16165:{"kind":"formula","sheet":"Expected Results","address":"E19","formula":"=SUMIF('Ten Parents'!$C$4:$C$1003,A19,'Ten Parents'!$D$4:$D$1003)"}
data/issue-2678-reconstructed-data-source.xlsx.inspect.ndjson:16166:{"kind":"formula","sheet":"Expected Results","address":"F19","formula":"=IF(B19=D19,\"PASS\",\"FAIL\")"}
data/issue-2678-reconstructed-data-source.xlsx.inspect.ndjson:16167:{"kind":"formula","sheet":"Expected Results","address":"G19","formula":"=IF(C19=E19,\"PASS\",\"FAIL\")"}
data/issue-2678-reconstructed-data-source.xlsx.inspect.ndjson:16168:{"kind":"formula","sheet":"Expected Results","address":"D20","formula":"=COUNTIF('Ten Parents'!$C$4:$C$1003,A20)"}
data/issue-2678-reconstructed-data-source.xlsx.inspect.ndjson:16169:{"kind":"formula","sheet":"Expected Results","address":"E20","formula":"=SUMIF('Ten Parents'!$C$4:$C$1003,A20,'Ten Parents'!$D$4:$D$1003)"}
data/issue-2678-reconstructed-data-source.xlsx.inspect.ndjson:16170:{"kind":"formula","sheet":"Expected Results","address":"F20","formula":"=IF(B20=D20,\"PASS\",\"FAIL\")"}
data/issue-2678-reconstructed-data-source.xlsx.inspect.ndjson:16171:{"kind":"formula","sheet":"Expected Results","address":"G20","formula":"=IF(C20=E20,\"PASS\",\"FAIL\")"}
data/issue-2678-reconstructed-data-source.xlsx.inspect.ndjson:16172:{"kind":"formula","sheet":"Expected Results","address":"D21","formula":"=COUNTIF('Ten Parents'!$C$4:$C$1003,A21)"}
data/issue-2678-reconstructed-data-source.xlsx.inspect.ndjson:16173:{"kind":"formula","sheet":"Expected Results","address":"E21","formula":"=SUMIF('Ten Parents'!$C$4:$C$1003,A21,'Ten Parents'!$D$4:$D$1003)"}
data/issue-2678-reconstructed-data-source.xlsx.inspect.ndjson:16174:{"kind":"formula","sheet":"Expected Results","address":"F21","formula":"=IF(B21=D21,\"PASS\",\"FAIL\")"}
data/issue-2678-reconstructed-data-source.xlsx.inspect.ndjson:16175:{"kind":"formula","sheet":"Expected Results","address":"G21","formula":"=IF(C21=E21,\"PASS\",\"FAIL\")"}
data/issue-2678-reconstructed-data-source.xlsx.inspect.ndjson:16176:{"kind":"formula","sheet":"Expected Results","address":"D22","formula":"=COUNTIF('Ten Parents'!$C$4:$C$1003,A22)"}
data/issue-2678-reconstructed-data-source.xlsx.inspect.ndjson:16177:{"kind":"formula","sheet":"Expected Results","address":"E22","formula":"=SUMIF('Ten Parents'!$C$4:$C$1003,A22,'Ten Parents'!$D$4:$D$1003)"}
data/issue-2678-reconstructed-data-source.xlsx.inspect.ndjson:16178:{"kind":"formula","sheet":"Expected Results","address":"F22","formula":"=IF(B22=D22,\"PASS\",\"FAIL\")"}
data/issue-2678-reconstructed-data-source.xlsx.inspect.ndjson:16179:{"kind":"formula","sheet":"Expected Results","address":"G22","formula":"=IF(C22=E22,\"PASS\",\"FAIL\")"}
data/issue-2678-reconstructed-data-source.xlsx.inspect.ndjson:16180:{"kind":"formula","sheet":"Expected Results","address":"D23","formula":"=COUNTIF('Ten Parents'!$C$4:$C$1003,A23)"}
data/issue-2678-reconstructed-data-source.xlsx.inspect.ndjson:16181:{"kind":"formula","sheet":"Expected Results","address":"E23","formula":"=SUMIF('Ten Parents'!$C$4:$C$1003,A23,'Ten Parents'!$D$4:$D$1003)"}
data/issue-2678-reconstructed-data-source.xlsx.inspect.ndjson:16182:{"kind":"formula","sheet":"Expected Results","address":"F23","formula":"=IF(B23=D23,\"PASS\",\"FAIL\")"}
data/issue-2678-reconstructed-data-source.xlsx.inspect.ndjson:16183:{"kind":"formula","sheet":"Expected Results","address":"G23","formula":"=IF(C23=E23,\"PASS\",\"FAIL\")"}
data/issue-2678-reconstructed-data-source.xlsx.inspect.ndjson:16184:{"kind":"formula","sheet":"Expected Results","address":"D24","formula":"=COUNTIF('Ten Parents'!$C$4:$C$1003,A24)"}
data/issue-2678-reconstructed-data-source.xlsx.inspect.ndjson:16185:{"kind":"formula","sheet":"Expected Results","address":"E24","formula":"=SUMIF('Ten Parents'!$C$4:$C$1003,A24,'Ten Parents'!$D$4:$D$1003)"}
data/issue-2678-reconstructed-data-source.xlsx.inspect.ndjson:16186:{"kind":"formula","sheet":"Expected Results","address":"F24","formula":"=IF(B24=D24,\"PASS\",\"FAIL\")"}
data/issue-2678-reconstructed-data-source.xlsx.inspect.ndjson:16187:{"kind":"formula","sheet":"Expected Results","address":"G24","formula":"=IF(C24=E24,\"PASS\",\"FAIL\")"}
data/issue-2678-reconstructed-data-source.xlsx.inspect.ndjson:16188:{"kind":"formula","sheet":"Expected Results","address":"D25","formula":"=COUNTIF('Ten Parents'!$C$4:$C$1003,A25)"}
data/issue-2678-reconstructed-data-source.xlsx.inspect.ndjson:16189:{"kind":"formula","sheet":"Expected Results","address":"E25","formula":"=SUMIF('Ten Parents'!$C$4:$C$1003,A25,'Ten Parents'!$D$4:$D$1003)"}
data/issue-2678-reconstructed-data-source.xlsx.inspect.ndjson:16190:{"kind":"formula","sheet":"Expected Results","address":"F25","formula":"=IF(B25=D25,\"PASS\",\"FAIL\")"}
data/issue-2678-reconstructed-data-source.xlsx.inspect.ndjson:16191:{"kind":"formula","sheet":"Expected Results","address":"G25","formula":"=IF(C25=E25,\"PASS\",\"FAIL\")"}
data/issue-2678-reconstructed-data-source.xlsx.inspect.ndjson:16192:{"kind":"formula","sheet":"Expected Results","address":"D26","formula":"=COUNTIF('Ten Parents'!$C$4:$C$1003,A26)"}
data/issue-2678-reconstructed-data-source.xlsx.inspect.ndjson:16193:{"kind":"formula","sheet":"Expected Results","address":"E26","formula":"=SUMIF('Ten Parents'!$C$4:$C$1003,A26,'Ten Parents'!$D$4:$D$1003)"}
data/issue-2678-reconstructed-data-source.xlsx.inspect.ndjson:16194:{"kind":"formula","sheet":"Expected Results","address":"F26","formula":"=IF(B26=D26,\"PASS\",\"FAIL\")"}
data/issue-2678-reconstructed-data-source.xlsx.inspect.ndjson:16195:{"kind":"formula","sheet":"Expected Results","address":"G26","formula":"=IF(C26=E26,\"PASS\",\"FAIL\")"}
