{"kind":"table","sheet":"Expected Results","address":"A1:G26","rows":26,"cols":7,"values":[["Expected Results and Formula Checks","Expected Results and Formula Checks","Expected Results and Formula Checks","Expected Results and Formula Checks","Expected Results and Formula Checks","Expected Results and Formula Checks","Expected Results and Formula Checks"],[null,null,null,null,null,null,null],["Metric","Expected","Calculated","Status","Source",null,null],["Seed row count",1000,1000,"PASS","Seed Data",null,null],["Seed amount sum",500500,500500,"PASS","Seed Data",null,null],["Seed active=true",500,500,"PASS","Seed Data",null,null],["Import row count",1000,1000,"PASS","Import Data",null,null],["Import amount sum",500500,500500,"PASS","Import Data",null,null],["Import active=true",500,500,"PASS","Import Data",null,null],["Single-parent row count",1000,1000,"PASS","Single Parent",null,null],["Single-parent amount sum",500500,500500,"PASS","Single Parent",null,null],["Ten-parent row count",1000,1000,"PASS","Ten Parents",null,null],["Ten-parent amount sum",500500,500500,"PASS","Ten Parents",null,null],[null,null,null,null,null,null,null],[null,null,null,null,null,null,null],["Parent","Expected rows","Expected amount","Calculated rows","Calculated amount","Rows status","Amount status"],["parent_01",100,49600,100,49600,"PASS","PASS"],["parent_02",100,49700,100,49700,"PASS","PASS"],["parent_03",100,49800,100,49800,"PASS","PASS"],["parent_04",100,49900,100,49900,"PASS","PASS"],["parent_05",100,50000,100,50000,"PASS","PASS"],["parent_06",100,50100,100,50100,"PASS","PASS"],["parent_07",100,50200,100,50200,"PASS","PASS"],["parent_08",100,50300,100,50300,"PASS","PASS"],["parent_09",100,50400,100,50400,"PASS","PASS"],["parent_10",100,50500,100,50500,"PASS","PASS"]]}
data/workbook-formula-error-scan.ndjson:1:{"kind":"notice","message":"Cell search matched 0 entries."}
source/generate-fixtures.mjs:264:  ["=COUNTA('Seed Data'!A4:A1003)"], ["=SUM('Seed Data'!C4:C1003)"], ["=COUNTIF('Seed Data'!D4:D1003,1)"],
source/generate-fixtures.mjs:265:  ["=COUNTA('Import Data'!A4:A1003)"], ["=SUM('Import Data'!C4:C1003)"], ["=COUNTIF('Import Data'!D4:D1003,1)"],
source/generate-fixtures.mjs:284:  `=COUNTIF('Ten Parents'!$C$4:$C$1003,A${17 + index})`,
data/issue-2678-reconstructed-data-source.xlsx.inspect.ndjson:16132:{"kind":"table","sheet":"Expected Results","address":"A1:G26","rows":26,"cols":7,"values":[["Expected Results and Formula Checks","Expected Results and Formula Checks","Expected Results and Formula Checks","Expected Results and Formula Checks","Expected Results and Formula Checks","Expected Results and Formula Checks","Expected Results and Formula Checks"],[null,null,null,null,null,null,null],["Metric","Expected","Calculated","Status","Source",null,null],["Seed row count",1000,1000,"PASS","Seed Data",null,null],["Seed amount sum",500500,500500,"PASS","Seed Data",null,null],["Seed active=true",500,500,"PASS","Seed Data",null,null],["Import row count",1000,1000,"PASS","Import Data",null,null],["Import amount sum",500500,500500,"PASS","Import Data",null,null],["Import active=true",500,500,"PASS","Import Data",null,null],["Single-parent row count",1000,1000,"PASS","Single Parent",null,null],["Single-parent amount sum",500500,500500,"PASS","Single Parent",null,null],["Ten-parent row count",1000,1000,"PASS","Ten Parents",null,null],["Ten-parent amount sum",500500,500500,"PASS","Ten Parents",null,null],[null,null,null,null,null,null,null],[null,null,null,null,null,null,null],["Parent","Expected rows","Expected amount","Calculated rows","Calculated amount","Rows status","Amount status"],["parent_01",100,49600,100,49600,"PASS","PASS"],["parent_02",100,49700,100,49700,"PASS","PASS"],["parent_03",100,49800,100,49800,"PASS","PASS"],["parent_04",100,49900,100,49900,"PASS","PASS"],["parent_05",100,50000,100,50000,"PASS","PASS"],["parent_06",100,50100,100,50100,"PASS","PASS"],["parent_07",100,50200,100,50200,"PASS","PASS"],["parent_08",100,50300,100,50300,"PASS","PASS"],["parent_09",100,50400,100,50400,"PASS","PASS"],["parent_10",100,50500,100,50500,"PASS","PASS"]]}
data/issue-2678-reconstructed-data-source.xlsx.inspect.ndjson:16134:{"kind":"region","sheet":"Expected Results","address":"A3:G13","rows":11,"cols":7,"nonEmpty":55,"blank":22,"text":55,"maxTextLength":24,"preview":[["Metric","Expected","Calculated","Status","Source",null],["Seed row count","1000","1000","PASS","Seed Data",null],["Seed amount sum","500500","500500","PASS","Seed Data",null],["Seed active=true","500","500","PASS","Seed Data",null],["Import row count","1000","1000","PASS","Import Data",null]],"previewAddress":"A3:F7","previewRows":5,"previewCols":6}
data/issue-2678-reconstructed-data-source.xlsx.inspect.ndjson:16140:{"kind":"formula","sheet":"Expected Results","address":"C6","formula":"=COUNTIF('Seed Data'!D4:D1003,1)"}
data/issue-2678-reconstructed-data-source.xlsx.inspect.ndjson:16146:{"kind":"formula","sheet":"Expected Results","address":"C9","formula":"=COUNTIF('Import Data'!D4:D1003,1)"}
data/issue-2678-reconstructed-data-source.xlsx.inspect.ndjson:16156:{"kind":"formula","sheet":"Expected Results","address":"D17","formula":"=COUNTIF('Ten Parents'!$C$4:$C$1003,A17)"}
data/issue-2678-reconstructed-data-source.xlsx.inspect.ndjson:16160:{"kind":"formula","sheet":"Expected Results","address":"D18","formula":"=COUNTIF('Ten Parents'!$C$4:$C$1003,A18)"}
data/issue-2678-reconstructed-data-source.xlsx.inspect.ndjson:16164:{"kind":"formula","sheet":"Expected Results","address":"D19","formula":"=COUNTIF('Ten Parents'!$C$4:$C$1003,A19)"}
data/issue-2678-reconstructed-data-source.xlsx.inspect.ndjson:16168:{"kind":"formula","sheet":"Expected Results","address":"D20","formula":"=COUNTIF('Ten Parents'!$C$4:$C$1003,A20)"}
data/issue-2678-reconstructed-data-source.xlsx.inspect.ndjson:16172:{"kind":"formula","sheet":"Expected Results","address":"D21","formula":"=COUNTIF('Ten Parents'!$C$4:$C$1003,A21)"}
data/issue-2678-reconstructed-data-source.xlsx.inspect.ndjson:16176:{"kind":"formula","sheet":"Expected Results","address":"D22","formula":"=COUNTIF('Ten Parents'!$C$4:$C$1003,A22)"}
data/issue-2678-reconstructed-data-source.xlsx.inspect.ndjson:16180:{"kind":"formula","sheet":"Expected Results","address":"D23","formula":"=COUNTIF('Ten Parents'!$C$4:$C$1003,A23)"}
data/issue-2678-reconstructed-data-source.xlsx.inspect.ndjson:16184:{"kind":"formula","sheet":"Expected Results","address":"D24","formula":"=COUNTIF('Ten Parents'!$C$4:$C$1003,A24)"}
data/issue-2678-reconstructed-data-source.xlsx.inspect.ndjson:16188:{"kind":"formula","sheet":"Expected Results","address":"D25","formula":"=COUNTIF('Ten Parents'!$C$4:$C$1003,A25)"}
data/issue-2678-reconstructed-data-source.xlsx.inspect.ndjson:16192:{"kind":"formula","sheet":"Expected Results","address":"D26","formula":"=COUNTIF('Ten Parents'!$C$4:$C$1003,A26)"}
rendered/expected-results.png
rendered/import-data.png
rendered/readme.png
rendered/seed-data.png
rendered/single-parent.png
rendered/summary-parents.png
rendered/ten-parents.png
