        }
      }

      // Columns created unconditionally by initObjects — skip them when
      // iterating obj.fields to avoid duplicate-column errors (e.g. SQLite
      // rejects CREATE TABLE with two columns of the same name).
      const builtinColumns = new Set(['id', 'created_at', 'updated_at']);

      if (!exists) {
        await this.knex.schema.createTable(tableName, (table) => {
          table.string('id').primary();
          table.timestamp('created_at').defaultTo(this.knex.fn.now());
          table.timestamp('updated_at').defaultTo(this.knex.fn.now());
          if (obj.fields) {
            for (const [name, field] of Object.entries(obj.fields)) {
              if (builtinColumns.has(name)) continue;
              this.createColumn(table, name, field);
            }
          }
        });
        this.tablesWithTimestamps.add(tableName);
      } else {
        const columnInfo = await this.knex(tableName).columnInfo();
        const existingColumns = Object.keys(columnInfo);

        if (existingColumns.includes('updated_at')) {
          this.tablesWithTimestamps.add(tableName);
        }

        await this.knex.schema.alterTable(tableName, (table) => {
          if (obj.fields) {
            for (const [name, field] of Object.entries(obj.fields)) {
              if (!existingColumns.includes(name)) {
                this.createColumn(table, name, field);
              }
            }
          }
        });
      }

      // Materialize object-level declared indexes (`indexes: [{ fields,
      // unique }]`). These are distinct from field-level `unique` (handled
      // in `createColumn`) and carry the multi-column UNIQUE guarantees that
      // dedup/convergence paths rely on (ADR-0030). Done after the table is
      // created/altered so every referenced column physically exists.
      const declaredIndexes = (obj as any).indexes;
      if (Array.isArray(declaredIndexes) && declaredIndexes.length > 0) {
        const colInfo = await this.knex(tableName).columnInfo();
        const physicalColumns = new Set(Object.keys(colInfo));
        await this.syncDeclaredIndexes(tableName, declaredIndexes, physicalColumns);
      }

      // #2186: the additive sync above only ever ADDs tables/columns. For a
      // table that already existed, detect (and in dev, auto-reconcile) any
      // non-additive divergence (relaxed NOT NULL, widened varchar, orphaned
      // column) between metadata and the physical schema.
      if (exists) {
        await this.reconcileAndWarnDrift(tableName, obj.fields ?? {});
      }
    }

    // Pre-create the auto_number counter table now, while we hold a fresh pooled
    // connection and are NOT inside any data transaction. Creating it lazily on
    // the first autonumber INSERT dead-locks a `/api/v1/batch` write on SQLite
    // (pool max=1: the open batch transaction owns the only connection, so the
    // lazy `ensureSequencesTable` blocks forever acquiring a second one) and
    // risks the same pool exhaustion under concurrent first-writes on
    // Postgres/MySQL. Idempotent and skipped entirely when nothing uses
    // auto_number, so it costs one `hasTable` at boot in the common case.
    const usesAutoNumber = Object.values(this.autoNumberFields).some(
      (cols) => Array.isArray(cols) && cols.length > 0,
    );
    if (usesAutoNumber) {
      await this.ensureSequencesTable();
    }
  }

  // ── Managed-schema drift & reconcile (#2186) ───────────────────────────────

  /** Canonical dialect name for the drift differ. */
  protected get dialectName(): SqlDialectName {
    if (this.isSqlite) return 'sqlite';
    if (this.isPostgres) return 'postgres';
    if (this.isMysql) return 'mysql';
    return 'unknown';
  }

  /** True only when running under `NODE_ENV=production` — auto-DDL is force-disabled there. */
  protected isProductionEnv(): boolean {
    try {
      return (process.env.NODE_ENV ?? '').toLowerCase() === 'production';
    } catch {
      return false;
    }
  }

  /** Diff one table's metadata fields against its physical columns. */
  protected async detectTableDrift(
    tableName: string,
    fields: Record<string, any>,
  ): Promise<ManagedDriftEntry[]> {
    const cols = await this.introspectColumns(tableName);
    const physical: PhysicalColumn[] = cols.map((c) => ({
      name: c.name,
      type: c.type,
      nullable: c.nullable,
      maxLength: c.maxLength,
    }));
    return diffManagedTable({ table: tableName, fields, columns: physical, dialect: this.dialectName });
  }

  /**
   * Detect every managed-schema divergence between metadata and the physical
   * database. Metadata is the source of truth. Returns one entry per drift,
   * sorted by table then column. Used by `os migrate` (P3) and tests.
   *
// Copyright (c) 2025 ObjectStack. Licensed under the Apache-2.0 license.
//
// Roll-up `summary` fields: a parent field whose value is an aggregate over a
// child collection (SUM/COUNT/...). The engine must recompute it whenever a
// child record is inserted / updated / deleted.

import { describe, it, expect, beforeEach } from 'vitest';
import { ObjectQL } from './engine.js';

function makeDriver() {
  const stores = new Map<string, Map<string, any>>();
  const storeFor = (o: string) => {
    let s = stores.get(o);
    if (!s) { s = new Map(); stores.set(o, s); }
    return s;
  };
  const matches = (row: any, where: any): boolean => {
    if (!where || typeof where !== 'object') return true;
    return Object.entries(where).every(([k, v]) => row?.[k] === v);
  };
  let n = 0;
  const driver: any = {
    name: 'memory', version: '0.0.0', supports: {},
    async connect() {}, async disconnect() {}, async checkHealth() { return true; }, async execute() { return null; },
    async find(object: string, ast: any) {
      return Array.from(storeFor(object).values()).filter((r) => matches(r, ast?.where));
    },
    findStream() { throw new Error('ni'); },
    async findOne(object: string, ast: any) {
      for (const r of storeFor(object).values()) if (matches(r, ast?.where)) return r;
      return null;
    },
    async create(object: string, data: Record<string, unknown>) {
      n += 1;
      const id = (data.id as string) ?? `r_${n}`;
      const row = { ...data, id };
      storeFor(object).set(id, row);
      return row;
    },
    async update(object: string, id: string, data: Record<string, unknown>) {
      const s = storeFor(object);
      const row = { ...s.get(id), ...data, id };
      s.set(id, row);
      return row;
    },
    async delete(object: string, id: string) { return storeFor(object).delete(id); },
    async count() { return 0; },
    async bulkCreate(object: string, rows: Record<string, unknown>[]) {
      return Promise.all(rows.map((r) => this.create(object, r, undefined)));
    },
    async bulkUpdate() { return []; }, async bulkDelete() {},
    async beginTransaction() { return { __trx: true, commit: async () => {}, rollback: async () => {} }; },
    async commit() {}, async rollback() {},
  };
  return { driver, storeFor };
}

describe('roll-up summary fields', () => {
  let engine: ObjectQL;
  let storeFor: ReturnType<typeof makeDriver>['storeFor'];

  beforeEach(async () => {
    engine = new ObjectQL();
    const d = makeDriver();
    storeFor = d.storeFor;
    engine.registerDriver(d.driver, true);
    await engine.init();
    engine.registry.registerObject({
      name: 'inv',
      fields: {
        name: { type: 'text' },
        line_total: { type: 'summary', summaryOperations: { object: 'inv_line', field: 'amount', function: 'sum' } },
        line_count: { type: 'summary', summaryOperations: { object: 'inv_line', field: 'amount', function: 'count' } },
      },
    } as any);
    engine.registry.registerObject({
      name: 'inv_line',
      fields: {
        amount: { type: 'number' },
        inv: { type: 'master_detail', reference: 'inv' },
      },
    } as any);
  });

  const parent = (id: string) => storeFor('inv').get(id);

  it('computes SUM and COUNT on the parent as children are inserted', async () => {
    const p = await engine.insert('inv', { name: 'INV-1' });
    await engine.insert('inv_line', { inv: p.id, amount: 10 });
    await engine.insert('inv_line', { inv: p.id, amount: 32 });

    expect(parent(p.id).line_total).toBe(42);
    expect(parent(p.id).line_count).toBe(2);
  });

  it('recomputes when a child amount is updated', async () => {
    const p = await engine.insert('inv', { name: 'INV-2' });
    const l1 = await engine.insert('inv_line', { inv: p.id, amount: 10 });
    await engine.insert('inv_line', { inv: p.id, amount: 5 });
    expect(parent(p.id).line_total).toBe(15);

    await engine.update('inv_line', { id: l1.id, amount: 100 });
    expect(parent(p.id).line_total).toBe(105);
  });

  it('recomputes when a child is deleted (down to 0 with no children)', async () => {
    const p = await engine.insert('inv', { name: 'INV-3' });
    const l1 = await engine.insert('inv_line', { inv: p.id, amount: 10 });
    expect(parent(p.id).line_total).toBe(10);

    await engine.delete('inv_line', { where: { id: l1.id } });
    expect(parent(p.id).line_total).toBe(0);
    expect(parent(p.id).line_count).toBe(0);
  });

  it('only recomputes the affected parent', async () => {
    const a = await engine.insert('inv', { name: 'A' });
    const b = await engine.insert('inv', { name: 'B' });
    await engine.insert('inv_line', { inv: a.id, amount: 7 });
    await engine.insert('inv_line', { inv: b.id, amount: 3 });

    expect(parent(a.id).line_total).toBe(7);
    expect(parent(b.id).line_total).toBe(3);
  });
});
// Copyright (c) 2025 ObjectStack. Licensed under the Apache-2.0 license.

import { describe, it, expect, beforeEach, afterEach } from 'vitest';
import { SqlDriver } from '../src/index.js';

describe('SqlDriver Advanced Operations (SQLite)', () => {
  let driver: SqlDriver;
  let knexInstance: any;

  beforeEach(async () => {
    driver = new SqlDriver({
      client: 'better-sqlite3',
      connection: { filename: ':memory:' },
      useNullAsDefault: true,
    });
    knexInstance = (driver as any).knex;

    await knexInstance.schema.createTable('orders', (t: any) => {
      t.string('id').primary();
      t.string('customer');
      t.string('product');
      t.float('amount');
      t.integer('quantity');
      t.string('status');
      t.timestamp('created_at').defaultTo(knexInstance.fn.now());
    });

    await knexInstance('orders').insert([
      { id: '1', customer: 'Alice', product: 'Laptop', amount: 1200.0, quantity: 1, status: 'completed' },
      { id: '2', customer: 'Bob', product: 'Mouse', amount: 25.5, quantity: 2, status: 'completed' },
      { id: '3', customer: 'Alice', product: 'Keyboard', amount: 75.0, quantity: 1, status: 'pending' },
      { id: '4', customer: 'Charlie', product: 'Monitor', amount: 350.0, quantity: 1, status: 'completed' },
      { id: '5', customer: 'Bob', product: 'Laptop', amount: 1200.0, quantity: 1, status: 'cancelled' },
    ]);
  });

  afterEach(async () => {
    await knexInstance.destroy();
  });

  describe('Aggregate Operations', () => {
    it('should sum values', async () => {
      const result = await driver.aggregate('orders', {
        where: { status: 'completed' },
        aggregate: [{ func: 'sum', field: 'amount', alias: 'total_amount' }],
      });

      expect(result).toHaveLength(1);
      expect(result[0].total_amount).toBe(1575.5);
    });

    it('should count records', async () => {
      const result = await driver.aggregate('orders', {
        aggregate: [{ func: 'count', field: '*', alias: 'total_orders' }],
      });

      expect(result).toHaveLength(1);
      expect(result[0].total_orders).toBe(5);
    });

    it('should calculate average', async () => {
      const result = await driver.aggregate('orders', {
        where: { status: 'completed' },
        aggregate: [{ func: 'avg', field: 'amount', alias: 'avg_amount' }],
      });

      expect(result).toHaveLength(1);
      expect(result[0].avg_amount).toBeCloseTo(525.17, 2);
    });

    it('should find min and max values', async () => {
      const result = await driver.aggregate('orders', {
        aggregate: [
          { func: 'min', field: 'amount', alias: 'min_amount' },
          { func: 'max', field: 'amount', alias: 'max_amount' },
        ],
      });

      expect(result).toHaveLength(1);
      expect(result[0].min_amount).toBe(25.5);
      expect(result[0].max_amount).toBe(1200.0);
    });

    it('should group by with aggregates', async () => {
      const result = await driver.aggregate('orders', {
        groupBy: ['customer'],
        aggregate: [
          { func: 'sum', field: 'amount', alias: 'total_spent' },
          { func: 'count', field: '*', alias: 'order_count' },
        ],
      });

      expect(result).toHaveLength(3);

      const alice = result.find((r: any) => r.customer === 'Alice');
      expect(alice.total_spent).toBe(1275.0);
      expect(alice.order_count).toBe(2);

      const bob = result.find((r: any) => r.customer === 'Bob');
      expect(bob.total_spent).toBe(1225.5);
      expect(bob.order_count).toBe(2);
    });

    it('should handle multiple group by fields', async () => {
      const result = await driver.aggregate('orders', {
        groupBy: ['customer', 'status'],
        aggregate: [{ func: 'sum', field: 'quantity', alias: 'total_qty' }],
      });

      expect(result.length).toBeGreaterThan(0);

      const aliceCompleted = result.find((r: any) => r.customer === 'Alice' && r.status === 'completed');
      expect(aliceCompleted).toBeDefined();
      expect(aliceCompleted.total_qty).toBe(1);
    });
// Copyright (c) 2025 ObjectStack. Licensed under the Apache-2.0 license.

import { ObjectStackProtocol } from '@objectstack/spec/api';
import { IDataEngine } from '@objectstack/core';
import { readEnvWithDeprecation } from '@objectstack/types';
import type { MetadataHostEngine } from './host-engine.js';
import { SysMetadataRepository, type SysMetadataEngine } from './sys-metadata-repository.js';
import { ConflictError, assertProtocolCompat } from '@objectstack/metadata-core';
import type {
    BatchUpdateRequest,
    BatchUpdateResponse,
    UpdateManyDataRequest,
    DeleteManyDataRequest,
    InstallPackageRequest,
    InstallPackageResponse
} from '@objectstack/spec/api';
import type { MetadataCacheRequest, MetadataCacheResponse, ServiceInfo, ApiRoutes, WellKnownCapabilities } from '@objectstack/spec/api';
import type { IFeedService } from '@objectstack/spec/contracts';
import { parseFilterAST, isFilterAST } from '@objectstack/spec/data';
import { PLURAL_TO_SINGULAR, SINGULAR_TO_PLURAL } from '@objectstack/spec/shared';
import { type FormView, isAggregatedViewContainer } from '@objectstack/spec/ui';
import { METADATA_FORM_REGISTRY } from '@objectstack/spec/system';
import { DEFAULT_METADATA_TYPE_REGISTRY, getMetadataTypeSchema, getMetadataTypeActions, getMetadataCreateSeed } from '@objectstack/spec/kernel';
import {
    extractProtection,
    evaluateLockForWrite,
    evaluateLockForDelete,
    resolveLockState,
    type MetadataLock,
    type MetadataProvenance,
} from '@objectstack/spec/kernel';
import { validateObjectNamespacePrefix, deriveNamespaceFromPackageId } from '@objectstack/spec/kernel';
import { z } from 'zod';
import {
    computeMetadataDiagnostics,
    computeViewReferenceDiagnostics,
    decorateMetadataItem,
    decorateMetadataItems,
    type MetadataDiagnostics,
} from './metadata-diagnostics.js';

/**
 * Canonical Zod schema per metadata type lives in
 * `@objectstack/spec/kernel/metadata-type-schemas` and is exposed through
 * {@link getMetadataTypeSchema}. Both save-time validation
 * ({@link resolveOverlaySchema}) and the `/meta/types/:type` JSON Schema
 * emitter consult that single source of truth, so adding a new
 * metadata-type schema requires editing exactly one file (or calling
 * `registerMetadataTypeSchema()` from a plugin).
 */
// (TYPE_TO_SCHEMA removed — use `getMetadataTypeSchema(type)` directly.)

/**
 * Canonical {@link FormView} layout per metadata type. Sourced from the
 * shared {@link METADATA_FORM_REGISTRY} in `@objectstack/spec/system` so
 * the runtime form payload, the i18n extractor, and Studio all read from
 * a single source of truth.
 *
 * Types without an entry render with the auto-generated single-section
 * layout derived from their JSON Schema (acceptable for simple types).
 */
const TYPE_TO_FORM: Readonly<Record<string, FormView>> = METADATA_FORM_REGISTRY;

/**
 * Convert a Zod schema to a JSON Schema, returning `undefined` if conversion
 * fails (e.g. unsupported constructs). Cached per schema reference.
 */
const _jsonSchemaCache = new WeakMap<z.ZodTypeAny, Record<string, unknown> | null>();
function toJsonSchemaSafe(schema: z.ZodTypeAny): Record<string, unknown> | undefined {
    const cached = _jsonSchemaCache.get(schema);
    if (cached !== undefined) return cached ?? undefined;
    try {
        const result = z.toJSONSchema(schema, { unrepresentable: 'any' }) as Record<string, unknown>;
        _jsonSchemaCache.set(schema, result);
        return result;
    } catch {
        _jsonSchemaCache.set(schema, null);
        return undefined;
    }
}

/**
 * Hand-crafted fallback JSON Schemas for metadata types whose Zod schema
 * cannot be safely converted via `z.toJSONSchema()` (e.g. due to recursive
 * references or non-representable constructs like `z.lazy()` chains).
 *
 * These mirror the shape consumed by the corresponding `*.form.ts` layouts,
 * so the SchemaForm renderer can still produce a real form (instead of
 * falling back to the raw JSON editor). All fields use lenient types
 * (`string | object | array`) because the widget hint in the form layout
 * is what actually drives the UI control selection — the JSON Schema is
 * only used to (a) seed defaults and (b) report which property names exist.
 */
const HAND_CRAFTED_SCHEMAS: Record<string, Record<string, unknown>> = {
    object: {
        type: 'object',
        properties: {
            name: { type: 'string' },
            label: { type: 'string' },
            pluralLabel: { type: 'string' },
            icon: { type: 'string' },
            description: { type: 'string' },
            tags: { type: 'array', items: { type: 'string' } },
            active: { type: 'boolean', default: true },
            isSystem: { type: 'boolean', default: false },
            abstract: { type: 'boolean', default: false },
            datasource: { type: 'string' },
            fields: {
                // Canonical Object.fields is a name-keyed map
                // (Record<string, FieldDefinition>) — insertion order is
