../issue-2678-reconstructed-fixtures-staging-20260716/source/revalidate-problem-one.ts(1,16): error TS2591: Cannot find name 'node:fs/promises'. Do you need to install type definitions for node? Try `npm i --save-dev @types/node` and then add 'node' to the types field in your tsconfig.
../issue-2678-reconstructed-fixtures-staging-20260716/source/revalidate-problem-one.ts(2,18): error TS2591: Cannot find name 'node:path'. Do you need to install type definitions for node? Try `npm i --save-dev @types/node` and then add 'node' to the types field in your tsconfig.
../issue-2678-reconstructed-fixtures-staging-20260716/source/revalidate-problem-one.ts(3,30): error TS2591: Cannot find name 'node:child_process'. Do you need to install type definitions for node? Try `npm i --save-dev @types/node` and then add 'node' to the types field in your tsconfig.
../issue-2678-reconstructed-fixtures-staging-20260716/source/revalidate-problem-one.ts(4,31): error TS2591: Cannot find name 'node:url'. Do you need to install type definitions for node? Try `npm i --save-dev @types/node` and then add 'node' to the types field in your tsconfig.
../issue-2678-reconstructed-fixtures-staging-20260716/source/revalidate-problem-one.ts(9,29): error TS2591: Cannot find name 'process'. Do you need to install type definitions for node? Try `npm i --save-dev @types/node` and then add 'node' to the types field in your tsconfig.
../issue-2678-reconstructed-fixtures-staging-20260716/source/revalidate-problem-one.ts(10,12): error TS2591: Cannot find name 'process'. Do you need to install type definitions for node? Try `npm i --save-dev @types/node` and then add 'node' to the types field in your tsconfig.
../issue-2678-reconstructed-fixtures-staging-20260716/source/revalidate-problem-one.ts(10,33): error TS2591: Cannot find name 'process'. Do you need to install type definitions for node? Try `npm i --save-dev @types/node` and then add 'node' to the types field in your tsconfig.
../issue-2678-reconstructed-fixtures-staging-20260716/source/revalidate-problem-one.ts(63,77): error TS1309: The current file is a CommonJS module and cannot use 'await' at the top level.
../issue-2678-reconstructed-fixtures-staging-20260716/source/revalidate-problem-one.ts(124,3): error TS1309: The current file is a CommonJS module and cannot use 'await' at the top level.
../issue-2678-reconstructed-fixtures-staging-20260716/source/revalidate-problem-one.ts(127,17): error TS2503: Cannot find namespace 'NodeJS'.
../issue-2678-reconstructed-fixtures-staging-20260716/source/revalidate-problem-one.ts(129,1): error TS1309: The current file is a CommonJS module and cannot use 'await' at the top level.
../issue-2678-reconstructed-fixtures-staging-20260716/source/revalidate-problem-one.ts(142,1): error TS1309: The current file is a CommonJS module and cannot use 'await' at the top level.
../issue-2678-reconstructed-fixtures-staging-20260716/source/revalidate-problem-one.ts(143,1): error TS1309: The current file is a CommonJS module and cannot use 'await' at the top level.
../issue-2678-reconstructed-fixtures-staging-20260716/source/revalidate-problem-one.ts(208,19): error TS1309: The current file is a CommonJS module and cannot use 'await' at the top level.
../issue-2678-reconstructed-fixtures-staging-20260716/source/revalidate-problem-one.ts(214,19): error TS1309: The current file is a CommonJS module and cannot use 'await' at the top level.
../issue-2678-reconstructed-fixtures-staging-20260716/source/revalidate-problem-one.ts(215,20): error TS1309: The current file is a CommonJS module and cannot use 'await' at the top level.
../issue-2678-reconstructed-fixtures-staging-20260716/source/revalidate-problem-one.ts(216,21): error TS1309: The current file is a CommonJS module and cannot use 'await' at the top level.
../issue-2678-reconstructed-fixtures-staging-20260716/source/revalidate-problem-one.ts(222,18): error TS1309: The current file is a CommonJS module and cannot use 'await' at the top level.
../issue-2678-reconstructed-fixtures-staging-20260716/source/revalidate-problem-one.ts(231,20): error TS1309: The current file is a CommonJS module and cannot use 'await' at the top level.
../issue-2678-reconstructed-fixtures-staging-20260716/source/revalidate-problem-one.ts(253,1): error TS1309: The current file is a CommonJS module and cannot use 'await' at the top level.
../issue-2678-reconstructed-fixtures-staging-20260716/source/revalidate-problem-one.ts(269,1): error TS1309: The current file is a CommonJS module and cannot use 'await' at the top level.
../issue-2678-reconstructed-fixtures-staging-20260716/source/revalidate-problem-one.ts(275,28): error TS1309: The current file is a CommonJS module and cannot use 'await' at the top level.
../issue-2678-reconstructed-fixtures-staging-20260716/source/revalidate-problem-one.ts(286,25): error TS1309: The current file is a CommonJS module and cannot use 'await' at the top level.
../issue-2678-reconstructed-fixtures-staging-20260716/source/revalidate-problem-one.ts(314,24): error TS1309: The current file is a CommonJS module and cannot use 'await' at the top level.
../issue-2678-reconstructed-fixtures-staging-20260716/source/revalidate-problem-one.ts(326,25): error TS1309: The current file is a CommonJS module and cannot use 'await' at the top level.
../issue-2678-reconstructed-fixtures-staging-20260716/source/revalidate-problem-one.ts(331,20): error TS1309: The current file is a CommonJS module and cannot use 'await' at the top level.
../issue-2678-reconstructed-fixtures-staging-20260716/source/revalidate-problem-one.ts(337,23): error TS1309: The current file is a CommonJS module and cannot use 'await' at the top level.
../issue-2678-reconstructed-fixtures-staging-20260716/source/revalidate-problem-one.ts(389,20): error TS1309: The current file is a CommonJS module and cannot use 'await' at the top level.
../issue-2678-reconstructed-fixtures-staging-20260716/source/revalidate-problem-one.ts(396,20): error TS1309: The current file is a CommonJS module and cannot use 'await' at the top level.
../issue-2678-reconstructed-fixtures-staging-20260716/source/revalidate-problem-one.ts(429,1): error TS1309: The current file is a CommonJS module and cannot use 'await' at the top level.
../issue-2678-reconstructed-fixtures-staging-20260716/source/revalidate-problem-one.ts(430,1): error TS1309: The current file is a CommonJS module and cannot use 'await' at the top level.
../issue-2678-reconstructed-fixtures-staging-20260716/source/revalidate-problem-one.ts(431,1): error TS1309: The current file is a CommonJS module and cannot use 'await' at the top level.
