v22.14.0
10.31.0
ProductName:		macOS
ProductVersion:		15.7.7
BuildVersion:		24G720
arm64
Hardware:

    Hardware Overview:

      Model Name: MacBook Air
      Model Identifier: MacBookAir10,1
      Model Number: MGN63CH/A
      Chip: Apple M1
      Total Number of Cores: 8 (4 performance and 4 efficiency)
      Memory: 8 GB
      System Firmware Version: mBoot-18000.120.36
      OS Loader Version: 11881.140.96.701.1
      Serial Number (system): [REDACTED: host-unique identifier]
      Hardware UUID: [REDACTED: host-unique identifier]
      Provisioning UDID: [REDACTED: host-unique identifier]
      Activation Lock Status: Disabled
