framework/issue-2678/2026-07-11/audit-cancellation.md: OK
framework/issue-2678/2026-07-11/audit-core.md: OK
framework/issue-2678/2026-07-11/audit-peripheral.md: OK
framework/issue-2678/2026-07-11/final-qa-report.md: OK
framework/issue-2678/2026-07-11/issue-repro-audit-plan.md: OK
framework/issue-2678/2026-07-11/issue-repro-audit-report.md: OK
framework/issue-2678/2026-07-11/qa-report.md: OK
framework/issue-2678/2026-07-11/README.md: OK
framework/issue-2678/2026-07-11/reconstructed-fixtures/command-ledger.md: OK
framework/issue-2678/2026-07-11/reconstructed-fixtures/commands/001-disk-before.stderr.log: OK
framework/issue-2678/2026-07-11/reconstructed-fixtures/commands/001-disk-before.stdout.log: OK
framework/issue-2678/2026-07-11/reconstructed-fixtures/commands/002-framework-git-state.stderr.log: OK
framework/issue-2678/2026-07-11/reconstructed-fixtures/commands/002-framework-git-state.stdout.log: OK
framework/issue-2678/2026-07-11/reconstructed-fixtures/commands/003-backup-git-state.stderr.log: OK
framework/issue-2678/2026-07-11/reconstructed-fixtures/commands/003-backup-git-state.stdout.log: OK
framework/issue-2678/2026-07-11/reconstructed-fixtures/commands/004-protected-worktrees-state.stderr.log: OK
framework/issue-2678/2026-07-11/reconstructed-fixtures/commands/004-protected-worktrees-state.stdout.log: OK
framework/issue-2678/2026-07-11/reconstructed-fixtures/commands/005-historical-sha256.stderr.log: OK
framework/issue-2678/2026-07-11/reconstructed-fixtures/commands/005-historical-sha256.stdout.log: OK
framework/issue-2678/2026-07-11/reconstructed-fixtures/commands/006-node-version.stderr.log: OK
framework/issue-2678/2026-07-11/reconstructed-fixtures/commands/006-node-version.stdout.log: OK
framework/issue-2678/2026-07-11/reconstructed-fixtures/commands/007-pnpm-version.stderr.log: OK
framework/issue-2678/2026-07-11/reconstructed-fixtures/commands/007-pnpm-version.stdout.log: OK
framework/issue-2678/2026-07-11/reconstructed-fixtures/commands/008-system-version.stderr.log: OK
framework/issue-2678/2026-07-11/reconstructed-fixtures/commands/008-system-version.stdout.log: OK
framework/issue-2678/2026-07-11/reconstructed-fixtures/commands/009-backup-agents-check.stderr.log: OK
framework/issue-2678/2026-07-11/reconstructed-fixtures/commands/009-backup-agents-check.stdout.log: OK
framework/issue-2678/2026-07-11/reconstructed-fixtures/commands/010-pnpm-install.stderr.log: OK
framework/issue-2678/2026-07-11/reconstructed-fixtures/commands/010-pnpm-install.stdout.log: OK
framework/issue-2678/2026-07-11/reconstructed-fixtures/commands/011-disk-after-install.stderr.log: OK
framework/issue-2678/2026-07-11/reconstructed-fixtures/commands/011-disk-after-install.stdout.log: OK
framework/issue-2678/2026-07-11/reconstructed-fixtures/commands/012-source-symbol-search.stderr.log: OK
framework/issue-2678/2026-07-11/reconstructed-fixtures/commands/012-source-symbol-search.stdout.log: OK
framework/issue-2678/2026-07-11/reconstructed-fixtures/commands/013-integration-pattern-search.stderr.log: OK
framework/issue-2678/2026-07-11/reconstructed-fixtures/commands/013-integration-pattern-search.stdout.log: OK
framework/issue-2678/2026-07-11/reconstructed-fixtures/commands/014-relevant-test-patterns.stderr.log: OK
framework/issue-2678/2026-07-11/reconstructed-fixtures/commands/014-relevant-test-patterns.stdout.log: OK
framework/issue-2678/2026-07-11/reconstructed-fixtures/commands/015-runtime-path-source.stderr.log: OK
framework/issue-2678/2026-07-11/reconstructed-fixtures/commands/015-runtime-path-source.stdout.log: OK
framework/issue-2678/2026-07-11/reconstructed-fixtures/commands/016-harness-construction-details.stderr.log: OK
framework/issue-2678/2026-07-11/reconstructed-fixtures/commands/016-harness-construction-details.stdout.log: OK
framework/issue-2678/2026-07-11/reconstructed-fixtures/commands/017-engine-lifecycle-details.stderr.log: OK
framework/issue-2678/2026-07-11/reconstructed-fixtures/commands/017-engine-lifecycle-details.stdout.log: OK
framework/issue-2678/2026-07-11/reconstructed-fixtures/commands/018-package-and-lifecycle.stderr.log: OK
framework/issue-2678/2026-07-11/reconstructed-fixtures/commands/018-package-and-lifecycle.stdout.log: OK
framework/issue-2678/2026-07-11/reconstructed-fixtures/commands/019-link-artifact-dependencies.stderr.log: OK
framework/issue-2678/2026-07-11/reconstructed-fixtures/commands/019-link-artifact-dependencies.stdout.log: OK
framework/issue-2678/2026-07-11/reconstructed-fixtures/commands/020-generator-syntax.stderr.log: OK
framework/issue-2678/2026-07-11/reconstructed-fixtures/commands/020-generator-syntax.stdout.log: OK
framework/issue-2678/2026-07-11/reconstructed-fixtures/commands/021-generate-fixtures.stderr.log: OK
framework/issue-2678/2026-07-11/reconstructed-fixtures/commands/021-generate-fixtures.stdout.log: OK
framework/issue-2678/2026-07-11/reconstructed-fixtures/commands/022.stderr.log: OK
framework/issue-2678/2026-07-11/reconstructed-fixtures/commands/022.stdout.log: OK
framework/issue-2678/2026-07-11/reconstructed-fixtures/commands/023.stderr.log: OK
framework/issue-2678/2026-07-11/reconstructed-fixtures/commands/023.stdout.log: OK
framework/issue-2678/2026-07-11/reconstructed-fixtures/commands/024.stderr.log: OK
framework/issue-2678/2026-07-11/reconstructed-fixtures/commands/024.stdout.log: OK
framework/issue-2678/2026-07-11/reconstructed-fixtures/commands/025.stderr.log: OK
framework/issue-2678/2026-07-11/reconstructed-fixtures/commands/025.stdout.log: OK
framework/issue-2678/2026-07-11/reconstructed-fixtures/commands/026.stderr.log: OK
framework/issue-2678/2026-07-11/reconstructed-fixtures/commands/026.stdout.log: OK
framework/issue-2678/2026-07-11/reconstructed-fixtures/commands/027.stderr.log: OK
framework/issue-2678/2026-07-11/reconstructed-fixtures/commands/027.stdout.log: OK
framework/issue-2678/2026-07-11/reconstructed-fixtures/commands/028.stderr.log: OK
framework/issue-2678/2026-07-11/reconstructed-fixtures/commands/028.stdout.log: OK
framework/issue-2678/2026-07-11/reconstructed-fixtures/commands/029.stderr.log: OK
framework/issue-2678/2026-07-11/reconstructed-fixtures/commands/029.stdout.log: OK
framework/issue-2678/2026-07-11/reconstructed-fixtures/commands/030.stderr.log: OK
framework/issue-2678/2026-07-11/reconstructed-fixtures/commands/030.stdout.log: OK
framework/issue-2678/2026-07-11/reconstructed-fixtures/commands/031.stderr.log: OK
framework/issue-2678/2026-07-11/reconstructed-fixtures/commands/031.stdout.log: OK
framework/issue-2678/2026-07-11/reconstructed-fixtures/commands/032.stderr.log: OK
framework/issue-2678/2026-07-11/reconstructed-fixtures/commands/032.stdout.log: OK
framework/issue-2678/2026-07-11/reconstructed-fixtures/commands/033.stderr.log: OK
framework/issue-2678/2026-07-11/reconstructed-fixtures/commands/033.stdout.log: OK
framework/issue-2678/2026-07-11/reconstructed-fixtures/commands/034.stderr.log: OK
framework/issue-2678/2026-07-11/reconstructed-fixtures/commands/034.stdout.log: OK
framework/issue-2678/2026-07-11/reconstructed-fixtures/commands/035.stderr.log: OK
framework/issue-2678/2026-07-11/reconstructed-fixtures/commands/035.stdout.log: OK
framework/issue-2678/2026-07-11/reconstructed-fixtures/commands/036.stderr.log: OK
framework/issue-2678/2026-07-11/reconstructed-fixtures/commands/036.stdout.log: OK
framework/issue-2678/2026-07-11/reconstructed-fixtures/commands/037.stderr.log: OK
framework/issue-2678/2026-07-11/reconstructed-fixtures/commands/037.stdout.log: OK
framework/issue-2678/2026-07-11/reconstructed-fixtures/commands/038.stderr.log: OK
framework/issue-2678/2026-07-11/reconstructed-fixtures/commands/038.stdout.log: OK
framework/issue-2678/2026-07-11/reconstructed-fixtures/commands/039.stderr.log: OK
framework/issue-2678/2026-07-11/reconstructed-fixtures/commands/039.stdout.log: OK
framework/issue-2678/2026-07-11/reconstructed-fixtures/commands/040.stderr.log: OK
framework/issue-2678/2026-07-11/reconstructed-fixtures/commands/040.stdout.log: OK
framework/issue-2678/2026-07-11/reconstructed-fixtures/commands/041.stderr.log: OK
framework/issue-2678/2026-07-11/reconstructed-fixtures/commands/041.stdout.log: OK
framework/issue-2678/2026-07-11/reconstructed-fixtures/commands/042.stderr.log: OK
framework/issue-2678/2026-07-11/reconstructed-fixtures/commands/042.stdout.log: OK
framework/issue-2678/2026-07-11/reconstructed-fixtures/commands/043.stderr.log: OK
framework/issue-2678/2026-07-11/reconstructed-fixtures/commands/043.stdout.log: OK
framework/issue-2678/2026-07-11/reconstructed-fixtures/commands/044.stderr.log: OK
framework/issue-2678/2026-07-11/reconstructed-fixtures/commands/044.stdout.log: OK
framework/issue-2678/2026-07-11/reconstructed-fixtures/commands/045.stderr.log: OK
framework/issue-2678/2026-07-11/reconstructed-fixtures/commands/045.stdout.log: OK
framework/issue-2678/2026-07-11/reconstructed-fixtures/commands/046.stderr.log: OK
framework/issue-2678/2026-07-11/reconstructed-fixtures/commands/046.stdout.log: OK
framework/issue-2678/2026-07-11/reconstructed-fixtures/commands/047.stderr.log: OK
framework/issue-2678/2026-07-11/reconstructed-fixtures/commands/047.stdout.log: OK
framework/issue-2678/2026-07-11/reconstructed-fixtures/commands/048.stderr.log: OK
framework/issue-2678/2026-07-11/reconstructed-fixtures/commands/048.stdout.log: OK
framework/issue-2678/2026-07-11/reconstructed-fixtures/commands/049.stderr.log: OK
framework/issue-2678/2026-07-11/reconstructed-fixtures/commands/049.stdout.log: OK
framework/issue-2678/2026-07-11/reconstructed-fixtures/commands/050.stderr.log: OK
framework/issue-2678/2026-07-11/reconstructed-fixtures/commands/050.stdout.log: OK
framework/issue-2678/2026-07-11/reconstructed-fixtures/commands/051.stderr.log: OK
framework/issue-2678/2026-07-11/reconstructed-fixtures/commands/051.stdout.log: OK
framework/issue-2678/2026-07-11/reconstructed-fixtures/commands/052.stderr.log: OK
framework/issue-2678/2026-07-11/reconstructed-fixtures/commands/052.stdout.log: OK
framework/issue-2678/2026-07-11/reconstructed-fixtures/data/expected-results.json: OK
framework/issue-2678/2026-07-11/reconstructed-fixtures/data/issue-2678-reconstructed-data-source.xlsx: OK
framework/issue-2678/2026-07-11/reconstructed-fixtures/data/issue-2678-reconstructed-data-source.xlsx.inspect.ndjson: OK
framework/issue-2678/2026-07-11/reconstructed-fixtures/data/qa_import_item.csv: OK
framework/issue-2678/2026-07-11/reconstructed-fixtures/data/qa_seed_item.csv: OK
framework/issue-2678/2026-07-11/reconstructed-fixtures/data/qa_summary_child_single_parent.csv: OK
framework/issue-2678/2026-07-11/reconstructed-fixtures/data/qa_summary_child_ten_parents.csv: OK
framework/issue-2678/2026-07-11/reconstructed-fixtures/data/qa_summary_parents.csv: OK
framework/issue-2678/2026-07-11/reconstructed-fixtures/data/workbook-formula-error-scan.ndjson: OK
framework/issue-2678/2026-07-11/reconstructed-fixtures/data/workbook-inspection.json: OK
framework/issue-2678/2026-07-11/reconstructed-fixtures/data/workbook-render-manifest.json: OK
framework/issue-2678/2026-07-11/reconstructed-fixtures/database/problem-one.sqlite: OK
framework/issue-2678/2026-07-11/reconstructed-fixtures/docs/2026-07-17-manual-ui-evidence-design.md: OK
framework/issue-2678/2026-07-11/reconstructed-fixtures/docs/2026-07-17-manual-ui-evidence-implementation-plan.md: OK
framework/issue-2678/2026-07-11/reconstructed-fixtures/docs/2026-07-17-simple-local-runner-design.md: OK
framework/issue-2678/2026-07-11/reconstructed-fixtures/docs/2026-07-17-simple-local-runner-implementation-plan.md: OK
framework/issue-2678/2026-07-11/reconstructed-fixtures/docs/2026-07-17-ui-qa-package-design.md: OK
framework/issue-2678/2026-07-11/reconstructed-fixtures/docs/2026-07-17-ui-qa-package-implementation-plan.md: OK
framework/issue-2678/2026-07-11/reconstructed-fixtures/environment/runtime.json: OK
framework/issue-2678/2026-07-11/reconstructed-fixtures/manifest.json: OK
framework/issue-2678/2026-07-11/reconstructed-fixtures/plan.md: OK
framework/issue-2678/2026-07-11/reconstructed-fixtures/README.md: OK
framework/issue-2678/2026-07-11/reconstructed-fixtures/rendered/expected-results.png: OK
framework/issue-2678/2026-07-11/reconstructed-fixtures/rendered/import-data.png: OK
framework/issue-2678/2026-07-11/reconstructed-fixtures/rendered/readme.png: OK
framework/issue-2678/2026-07-11/reconstructed-fixtures/rendered/seed-data.png: OK
framework/issue-2678/2026-07-11/reconstructed-fixtures/rendered/single-parent.png: OK
framework/issue-2678/2026-07-11/reconstructed-fixtures/rendered/summary-parents.png: OK
framework/issue-2678/2026-07-11/reconstructed-fixtures/rendered/ten-parents.png: OK
framework/issue-2678/2026-07-11/reconstructed-fixtures/results/comparison-report.md: OK
framework/issue-2678/2026-07-11/reconstructed-fixtures/results/comparison.json: OK
framework/issue-2678/2026-07-11/reconstructed-fixtures/results/raw-results.json: OK
framework/issue-2678/2026-07-11/reconstructed-fixtures/SHA256SUMS: OK
framework/issue-2678/2026-07-11/reconstructed-fixtures/source/build-sha256-manifest.mjs: OK
framework/issue-2678/2026-07-11/reconstructed-fixtures/source/check-markdown-links.mjs: OK
framework/issue-2678/2026-07-11/reconstructed-fixtures/source/compare-results.mjs: OK
framework/issue-2678/2026-07-11/reconstructed-fixtures/source/diagnose-boolean-formulas.mjs: OK
framework/issue-2678/2026-07-11/reconstructed-fixtures/source/generate-fixtures.mjs: OK
framework/issue-2678/2026-07-11/reconstructed-fixtures/source/object-definitions.ts: OK
framework/issue-2678/2026-07-11/reconstructed-fixtures/source/package.json: OK
framework/issue-2678/2026-07-11/reconstructed-fixtures/source/revalidate-problem-one.ts: OK
framework/issue-2678/2026-07-11/reconstructed-fixtures/source/run-command.sh: OK
framework/issue-2678/2026-07-11/reconstructed-fixtures/source/sanitize-text-evidence.mjs: OK
framework/issue-2678/2026-07-11/reconstructed-fixtures/source/verify-archive.mjs: OK
framework/issue-2678/2026-07-11/reconstructed-fixtures/ui-qa-app/database/manual-ui-result.sqlite: OK
framework/issue-2678/2026-07-11/reconstructed-fixtures/ui-qa-app/dist/manual/build-provenance.json: OK
framework/issue-2678/2026-07-11/reconstructed-fixtures/ui-qa-app/dist/manual/objectstack.json: OK
framework/issue-2678/2026-07-11/reconstructed-fixtures/ui-qa-app/dist/seeded/build-provenance.json: OK
framework/issue-2678/2026-07-11/reconstructed-fixtures/ui-qa-app/dist/seeded/objectstack.json: OK
framework/issue-2678/2026-07-11/reconstructed-fixtures/ui-qa-app/expected-results.json: OK
framework/issue-2678/2026-07-11/reconstructed-fixtures/ui-qa-app/fixtures/csv/qa_import_item.csv: OK
framework/issue-2678/2026-07-11/reconstructed-fixtures/ui-qa-app/fixtures/csv/qa_summary_child_single_parent.csv: OK
framework/issue-2678/2026-07-11/reconstructed-fixtures/ui-qa-app/fixtures/csv/qa_summary_child_ten_parents.csv: OK
framework/issue-2678/2026-07-11/reconstructed-fixtures/ui-qa-app/fixtures/xlsx/qa_import_item.xlsx: OK
framework/issue-2678/2026-07-11/reconstructed-fixtures/ui-qa-app/fixtures/xlsx/qa_summary_child_single_parent.xlsx: OK
framework/issue-2678/2026-07-11/reconstructed-fixtures/ui-qa-app/fixtures/xlsx/qa_summary_child_ten_parents.xlsx: OK
framework/issue-2678/2026-07-11/reconstructed-fixtures/ui-qa-app/objectstack.config.ts: OK
framework/issue-2678/2026-07-11/reconstructed-fixtures/ui-qa-app/objectstack.seeded.config.ts: OK
framework/issue-2678/2026-07-11/reconstructed-fixtures/ui-qa-app/package.json: OK
framework/issue-2678/2026-07-11/reconstructed-fixtures/ui-qa-app/README.md: OK
framework/issue-2678/2026-07-11/reconstructed-fixtures/ui-qa-app/run-local.sh: OK
framework/issue-2678/2026-07-11/reconstructed-fixtures/ui-qa-app/screenshots/manual-summary-parent-result.png: OK
framework/issue-2678/2026-07-11/reconstructed-fixtures/ui-qa-app/screenshots/manual-table-import-result.jpg: OK
framework/issue-2678/2026-07-11/reconstructed-fixtures/ui-qa-app/scripts/build-artifacts.mjs: OK
framework/issue-2678/2026-07-11/reconstructed-fixtures/ui-qa-app/scripts/build-artifacts.test.mjs: OK
framework/issue-2678/2026-07-11/reconstructed-fixtures/ui-qa-app/scripts/package-lib.mjs: OK
framework/issue-2678/2026-07-11/reconstructed-fixtures/ui-qa-app/scripts/package-lib.test.mjs: OK
framework/issue-2678/2026-07-11/reconstructed-fixtures/ui-qa-app/scripts/prepare-local.mjs: OK
framework/issue-2678/2026-07-11/reconstructed-fixtures/ui-qa-app/scripts/prepare-local.test.mjs: OK
framework/issue-2678/2026-07-11/reconstructed-fixtures/ui-qa-app/scripts/start-ui.mjs: OK
framework/issue-2678/2026-07-11/reconstructed-fixtures/ui-qa-app/scripts/verify-package.mjs: OK
framework/issue-2678/2026-07-11/reconstructed-fixtures/ui-qa-app/scripts/verify-package.test.mjs: OK
framework/issue-2678/2026-07-11/reconstructed-fixtures/ui-qa-app/src/app.ts: OK
framework/issue-2678/2026-07-11/reconstructed-fixtures/ui-qa-app/src/objects.generated.ts: OK
framework/issue-2678/2026-07-11/reconstructed-fixtures/ui-qa-app/src/seed.generated.ts: OK
framework/issue-2678/2026-07-11/reconstructed-fixtures/ui-qa-app/ui-verification.md: OK
framework/issue-2678/2026-07-11/screenshots/f-ui-002-capability-projects-page-not-found.png: OK
framework/issue-2678/2026-07-11/screenshots/ui-01-field-mapping.png: OK
framework/issue-2678/2026-07-11/screenshots/ui-01-success-result.png: OK
framework/issue-2678/2026-07-11/screenshots/ui-03-upsert-invalid-result.png: OK
framework/issue-2678/2026-07-11/screenshots/ui-04-same-file-lookup-reference-not-found.png: OK
framework/issue-2678/2026-07-11/screenshots/ui-05-cancel-button-visible.png: OK
framework/issue-2678/2026-07-11/screenshots/ui-05-cancel-confirmed.png: OK
framework/issue-2678/2026-07-11/screenshots/ui-05-cancelled-job-history-succeeded.png: OK
framework/issue-2678/2026-07-11/screenshots/ui-06-automation-off.png: OK
framework/issue-2678/2026-07-11/screenshots/ui-06-automation-on.png: OK
framework/issue-2678/2026-07-11/test-plan.md: OK
